-------------------------------------------------------------------------------
Test set: Run.PracticaRunTest
-------------------------------------------------------------------------------
Tests run: 4, Failures: 1, Errors: 0, Skipped: 0, Time elapsed: 47.678 s <<< FAILURE! - in Run.PracticaRunTest
Cesta.Cesta #2  Time elapsed: 9.557 s  <<< FAILURE!
java.lang.AssertionError

