<?xml version="1.0" encoding="UTF-8"?>
<testsuite xmlns:xsi="http://www.w3.org/2001/XMLSchema-instance" xsi:noNamespaceSchemaLocation="https://maven.apache.org/surefire/maven-failsafe-plugin/xsd/failsafe-test-report-3.0.xsd" version="3.0" name="Run.PracticaRunTest" time="47.678" tests="4" errors="0" skipped="0" failures="1">
  <properties>
[...]
</properties>
  <testcase name="Cesta #1" classname="Cesta" time="15.095">
    <system-out><![CDATA[18:00:38.908 [main] DEBUG net.thucydides.core.guice.Injectors - Created injector for module net.thucydides.core.guice.ThucydidesModule
18:00:39.076 [main] INFO io.cucumber.core.plugin.SerenityReporter - Running feature from file:///C:/Users/doprsama/eclipse-workspace/PracticaCompleta/src/test/resources/features/cesta.feature
18:00:39.185 [main] DEBUG net.thucydides.core.guice.Injectors - Created injector for module net.thucydides.core.guice.webdriver.WebDriverModule
18:00:39.195 [main] INFO  - 

-------------------------------------------------------------------------------------
     _______. _______ .______       _______ .__   __.  __  .___________.____    ____ 
    /       ||   ____||   _  \     |   ____||  \ |  | |  | |           |\   \  /   / 
   |   (----`|  |__   |  |_)  |    |  |__   |   \|  | |  | `---|  |----` \   \/   /  
    \   \    |   __|  |      /     |   __|  |  . `  | |  |     |  |       \_    _/   
.----)   |   |  |____ |  |\  \----.|  |____ |  |\   | |  |     |  |         |  |     
|_______/    |_______|| _| `._____||_______||__| \__| |__|     |__|         |__|    
                                                                                     
 News and tutorials at http://www.serenity-bdd.info                                  
 Documentation at https://wakaleo.gitbooks.io/the-serenity-book/content/             
 Join the Serenity Community on Gitter: https://gitter.im/serenity-bdd/serenity-core 
 Serenity BDD Support and Training at http://serenity-bdd.info/#/trainingandsupport  
-------------------------------------------------------------------------------------

18:00:39.197 [main] DEBUG net.thucydides.core.steps.StepEventBus - Test suite started for story net.thucydides.core.model.Story@2680fcc8
18:00:39.199 [main] INFO  - Test Suite Started: Cesta
18:00:39.207 [main] INFO io.cucumber.core.plugin.SerenityReporter - Running feature from file:///C:/Users/doprsama/eclipse-workspace/PracticaCompleta/src/test/resources/features/cesta.feature
18:00:39.210 [main] DEBUG net.thucydides.core.steps.StepEventBus - Test suite started for story net.thucydides.core.model.Story@2680fcc8
18:00:39.210 [main] INFO  - Test Suite Started: Cesta

@Cesta
Scenario Outline: Cesta                                            &amp#27;[90m# src/test/resources/features/cesta.feature:36&amp#27;[0m
18:00:39.271 [main] INFO io.cucumber.core.plugin.SerenityReporter - Running feature from file:///C:/Users/doprsama/eclipse-workspace/PracticaCompleta/src/test/resources/features/cesta.feature
18:00:39.344 [main] INFO  - 
  _____   ___   ___   _____     ___   _____     _     ___   _____   ___   ___  
 |_   _| | __| / __| |_   _|   / __| |_   _|   /_\   | _ \ |_   _| | __| |   \ 
   | |   | _|  \__ \   | |     \__ \   | |    / _ \  |   /   | |   | _|  | |) |
   |_|   |___| |___/   |_|     |___/   |_|   /_/ \_\ |_|_\   |_|   |___| |___/ 

Cesta(cesta;cesta)
--------------------------------------------------------------------------------
18:00:40.047 [main] DEBUG net.thucydides.core.steps.StepInterceptor - STARTING STEP: ComprobarCestaStep.estoy_logeado_con_el_usuario_de_contraseña - abro la pagina
18:00:40.068 [main] INFO net.serenitybdd.core.webdriver.driverproviders.DriverProvider - Using WebDriverManager configuration for chrome
18:00:40.318 [main] DEBUG io.github.bonigarcia.wdm.cache.ResolutionCache - Resolution chrome=108 in cache (valid until 18:48:01 10/01/2023 CET)
18:00:40.319 [main] DEBUG io.github.bonigarcia.wdm.cache.ResolutionCache - Resolution chrome108=108.0.5359.71 in cache (valid until 15:25:22 11/01/2023 CET)
18:00:40.319 [main] INFO io.github.bonigarcia.wdm.WebDriverManager - Using chromedriver 108.0.5359.71 (resolved driver for Chrome 108)
18:00:40.328 [main] DEBUG io.github.bonigarcia.wdm.WebDriverManager - Driver chromedriver 108.0.5359.71 found in cache
18:00:40.328 [main] INFO io.github.bonigarcia.wdm.WebDriverManager - Exporting webdriver.chrome.driver as C:\Users\doprsama\.cache\selenium\chromedriver\win32\108.0.5359.71\chromedriver.exe
18:00:40.392 [main] INFO net.serenitybdd.core.webdriver.driverproviders.ChromeDriverProvider - Starting Chrome driver instance with capabilities:
18:00:40.393 [main] INFO net.serenitybdd.core.webdriver.driverproviders.ChromeDriverProvider - Capabilities {acceptInsecureCerts: false, browserName: chrome, goog:chromeOptions: {args: [], extensions: []}}
18:00:40.433 [main] DEBUG io.netty.util.internal.logging.InternalLoggerFactory - Using SLF4J as the default logging framework
18:00:40.435 [main] DEBUG io.netty.util.ResourceLeakDetector - -Dio.netty.leakDetection.level: simple
18:00:40.435 [main] DEBUG io.netty.util.ResourceLeakDetector - -Dio.netty.leakDetection.targetRecords: 4
18:00:40.437 [main] DEBUG io.netty.util.ResourceLeakDetectorFactory - Loaded default ResourceLeakDetector: io.netty.util.ResourceLeakDetector@1d8dbf10
18:00:40.446 [main] DEBUG io.netty.util.internal.PlatformDependent0 - -Dio.netty.noUnsafe: false
18:00:40.446 [main] DEBUG io.netty.util.internal.PlatformDependent0 - Java version: 19
18:00:40.447 [main] DEBUG io.netty.util.internal.PlatformDependent0 - sun.misc.Unsafe.theUnsafe: available
18:00:40.447 [main] DEBUG io.netty.util.internal.PlatformDependent0 - sun.misc.Unsafe.copyMemory: available
18:00:40.447 [main] DEBUG io.netty.util.internal.PlatformDependent0 - sun.misc.Unsafe.storeFence: available
18:00:40.448 [main] DEBUG io.netty.util.internal.PlatformDependent0 - java.nio.Buffer.address: available
18:00:40.448 [main] DEBUG io.netty.util.internal.PlatformDependent0 - direct buffer constructor: unavailable: Reflective setAccessible(true) disabled
18:00:40.448 [main] DEBUG io.netty.util.internal.PlatformDependent0 - java.nio.Bits.unaligned: available, true
18:00:40.449 [main] DEBUG io.netty.util.internal.PlatformDependent0 - jdk.internal.misc.Unsafe.allocateUninitializedArray(int): unavailable: class io.netty.util.internal.PlatformDependent0$7 cannot access class jdk.internal.misc.Unsafe (in module java.base) because module java.base does not export jdk.internal.misc to unnamed module @c333c60
18:00:40.450 [main] DEBUG io.netty.util.internal.PlatformDependent0 - java.nio.DirectByteBuffer.<init>(long, int): unavailable
18:00:40.450 [main] DEBUG io.netty.util.internal.PlatformDependent - sun.misc.Unsafe: available
18:00:40.451 [main] DEBUG io.netty.util.internal.PlatformDependent - maxDirectMemory: 4213178368 bytes (maybe)
18:00:40.451 [main] DEBUG io.netty.util.internal.PlatformDependent - -Dio.netty.tmpdir: C:\Users\doprsama\AppData\Local\Temp (java.io.tmpdir)
18:00:40.451 [main] DEBUG io.netty.util.internal.PlatformDependent - -Dio.netty.bitMode: 64 (sun.arch.data.model)
18:00:40.451 [main] DEBUG io.netty.util.internal.PlatformDependent - Platform: Windows
18:00:40.451 [main] DEBUG io.netty.util.internal.PlatformDependent - -Dio.netty.maxDirectMemory: -1 bytes
18:00:40.452 [main] DEBUG io.netty.util.internal.PlatformDependent - -Dio.netty.uninitializedArrayAllocationThreshold: -1
18:00:40.452 [main] DEBUG io.netty.util.internal.CleanerJava9 - java.nio.ByteBuffer.cleaner(): available
18:00:40.452 [main] DEBUG io.netty.util.internal.PlatformDependent - -Dio.netty.noPreferDirect: false
18:00:40.457 [main] DEBUG io.netty.util.internal.PlatformDependent - org.jctools-core.MpscChunkedArrayQueue: available
18:00:40.467 [main] DEBUG io.netty.util.internal.InternalThreadLocalMap - -Dio.netty.threadLocalMap.stringBuilder.initialSize: 1024
18:00:40.467 [main] DEBUG io.netty.util.internal.InternalThreadLocalMap - -Dio.netty.threadLocalMap.stringBuilder.maxSize: 4096
18:00:40.503 [main] DEBUG io.netty.handler.ssl.JdkSslContext - Default protocols (JDK): [TLSv1.3, TLSv1.2] 
18:00:40.503 [main] DEBUG io.netty.handler.ssl.JdkSslContext - Default cipher suites (JDK): [TLS_ECDHE_ECDSA_WITH_AES_256_GCM_SHA384, TLS_ECDHE_ECDSA_WITH_AES_128_GCM_SHA256, TLS_ECDHE_RSA_WITH_AES_128_GCM_SHA256, TLS_ECDHE_RSA_WITH_AES_256_GCM_SHA384, TLS_ECDHE_RSA_WITH_AES_128_CBC_SHA, TLS_ECDHE_RSA_WITH_AES_256_CBC_SHA, TLS_RSA_WITH_AES_128_GCM_SHA256, TLS_RSA_WITH_AES_128_CBC_SHA, TLS_RSA_WITH_AES_256_CBC_SHA, TLS_AES_128_GCM_SHA256, TLS_AES_256_GCM_SHA384]
18:00:40.518 [main] DEBUG io.netty.channel.MultithreadEventLoopGroup - -Dio.netty.eventLoopThreads: 16
18:00:40.523 [main] DEBUG io.netty.channel.nio.NioEventLoop - -Dio.netty.noKeySetOptimization: false
18:00:40.523 [main] DEBUG io.netty.channel.nio.NioEventLoop - -Dio.netty.selectorAutoRebuildThreshold: 512
18:00:40.572 [main] DEBUG io.netty.buffer.PooledByteBufAllocator - -Dio.netty.allocator.numHeapArenas: 16
18:00:40.573 [main] DEBUG io.netty.buffer.PooledByteBufAllocator - -Dio.netty.allocator.numDirectArenas: 16
18:00:40.573 [main] DEBUG io.netty.buffer.PooledByteBufAllocator - -Dio.netty.allocator.pageSize: 8192
18:00:40.573 [main] DEBUG io.netty.buffer.PooledByteBufAllocator - -Dio.netty.allocator.maxOrder: 9
18:00:40.573 [main] DEBUG io.netty.buffer.PooledByteBufAllocator - -Dio.netty.allocator.chunkSize: 4194304
18:00:40.573 [main] DEBUG io.netty.buffer.PooledByteBufAllocator - -Dio.netty.allocator.smallCacheSize: 256
18:00:40.573 [main] DEBUG io.netty.buffer.PooledByteBufAllocator - -Dio.netty.allocator.normalCacheSize: 64
18:00:40.573 [main] DEBUG io.netty.buffer.PooledByteBufAllocator - -Dio.netty.allocator.maxCachedBufferCapacity: 32768
18:00:40.573 [main] DEBUG io.netty.buffer.PooledByteBufAllocator - -Dio.netty.allocator.cacheTrimInterval: 8192
18:00:40.573 [main] DEBUG io.netty.buffer.PooledByteBufAllocator - -Dio.netty.allocator.cacheTrimIntervalMillis: 0
18:00:40.573 [main] DEBUG io.netty.buffer.PooledByteBufAllocator - -Dio.netty.allocator.useCacheForAllThreads: false
18:00:40.573 [main] DEBUG io.netty.buffer.PooledByteBufAllocator - -Dio.netty.allocator.maxCachedByteBuffersPerChunk: 1023
18:00:40.579 [main] DEBUG io.netty.buffer.ByteBufUtil - -Dio.netty.allocator.type: pooled
18:00:40.579 [main] DEBUG io.netty.buffer.ByteBufUtil - -Dio.netty.threadLocalDirectBufferSize: 0
18:00:40.580 [main] DEBUG io.netty.buffer.ByteBufUtil - -Dio.netty.maxThreadLocalCharBufferSize: 16384
18:00:40.760 [Forwarding newSession on session null to remote] DEBUG io.netty.channel.DefaultChannelId - -Dio.netty.processId: 19000 (auto-detected)
18:00:40.761 [Forwarding newSession on session null to remote] DEBUG io.netty.util.NetUtil - -Djava.net.preferIPv4Stack: false
18:00:40.761 [Forwarding newSession on session null to remote] DEBUG io.netty.util.NetUtil - -Djava.net.preferIPv6Addresses: false
18:00:40.767 [Forwarding newSession on session null to remote] DEBUG io.netty.util.NetUtilInitializations - Loopback interface: lo (Software Loopback Interface 1, 127.0.0.1)
18:00:40.767 [Forwarding newSession on session null to remote] DEBUG io.netty.util.NetUtil - Failed to get SOMAXCONN from sysctl and file \proc\sys\net\core\somaxconn. Default: 200
18:00:40.786 [Forwarding newSession on session null to remote] DEBUG io.netty.channel.DefaultChannelId - -Dio.netty.machineId: 50:c2:e8:ff:fe:61:20:37 (auto-detected)
18:00:40.812 [AsyncHttpClient-1-2] DEBUG io.netty.buffer.AbstractByteBuf - -Dio.netty.buffer.checkAccessible: true
18:00:40.812 [AsyncHttpClient-1-2] DEBUG io.netty.buffer.AbstractByteBuf - -Dio.netty.buffer.checkBounds: true
18:00:40.812 [AsyncHttpClient-1-2] DEBUG io.netty.util.ResourceLeakDetectorFactory - Loaded default ResourceLeakDetector: io.netty.util.ResourceLeakDetector@41a6859
18:00:40.818 [AsyncHttpClient-1-2] DEBUG org.asynchttpclient.netty.channel.NettyConnectListener - Using new Channel '[id: 0x51f1f9e8, L:/127.0.0.1:59215 - R:localhost/127.0.0.1:65249]' for 'POST' to '/session'
18:00:40.827 [AsyncHttpClient-1-2] DEBUG io.netty.util.Recycler - -Dio.netty.recycler.maxCapacityPerThread: 4096
18:00:40.827 [AsyncHttpClient-1-2] DEBUG io.netty.util.Recycler - -Dio.netty.recycler.ratio: 8
18:00:40.827 [AsyncHttpClient-1-2] DEBUG io.netty.util.Recycler - -Dio.netty.recycler.chunkSize: 32
18:00:40.827 [AsyncHttpClient-1-2] DEBUG io.netty.util.Recycler - -Dio.netty.recycler.blocking: false
18:00:41.423 [AsyncHttpClient-1-2] DEBUG io.netty.handler.codec.compression.Brotli - brotli4j not in the classpath; Brotli support will be unavailable.
18:00:41.423 [AsyncHttpClient-1-2] DEBUG org.asynchttpclient.netty.handler.HttpHandler - 

Request DefaultHttpRequest(decodeResult: success, version: HTTP/1.1)
POST /session HTTP/1.1
User-Agent: selenium/4.4.0 (java windows)
Content-Length: 437
Content-Type: application/json; charset=utf-8
host: localhost:65249
accept: */*

Response DefaultHttpResponse(decodeResult: success, version: HTTP/1.1)
HTTP/1.1 200 OK
Content-Type: application/json; charset=utf-8
cache-control: no-cache
content-length: 794

18:00:41.428 [AsyncHttpClient-1-2] DEBUG org.asynchttpclient.netty.channel.ChannelManager - Adding key: http://localhost:65249 for channel [id: 0x51f1f9e8, L:/127.0.0.1:59215 - R:localhost/127.0.0.1:65249]
18:00:41.468 [AsyncHttpClient-1-3] DEBUG org.asynchttpclient.netty.channel.NettyConnectListener - Using new Channel '[id: 0x6f506c2c, L:/127.0.0.1:59222 - R:localhost/127.0.0.1:59216]' for 'GET' to '/json/version'
18:00:41.470 [AsyncHttpClient-1-3] DEBUG org.asynchttpclient.netty.handler.HttpHandler - 

Request DefaultFullHttpRequest(decodeResult: success, version: HTTP/1.1, content: EmptyByteBufBE)
GET /json/version HTTP/1.1
User-Agent: selenium/4.4.0 (java windows)
host: localhost:59216
accept: */*

Response DefaultHttpResponse(decodeResult: success, version: HTTP/1.1)
HTTP/1.1 200 OK
Content-Type: application/json; charset=UTF-8
content-length: 424

18:00:41.470 [AsyncHttpClient-1-3] DEBUG org.asynchttpclient.netty.channel.ChannelManager - Adding key: http://localhost:59216 for channel [id: 0x6f506c2c, L:/127.0.0.1:59222 - R:localhost/127.0.0.1:59216]
18:00:41.475 [main] DEBUG io.netty.util.internal.ThreadLocalRandom - -Dio.netty.initialSeedUniquifier: 0x94b63238819ba089
18:00:41.477 [AsyncHttpClient-1-4] DEBUG org.asynchttpclient.netty.channel.NettyConnectListener - Using new Channel '[id: 0x1606bad2, L:/127.0.0.1:59223 - R:localhost/127.0.0.1:59216]' for 'GET' to '/devtools/browser/39ac1cb9-a7fb-41c5-980e-bce0d3d7d796'
18:00:41.479 [AsyncHttpClient-1-4] DEBUG org.asynchttpclient.netty.handler.WebSocketHandler - 

Request DefaultFullHttpRequest(decodeResult: success, version: HTTP/1.1, content: EmptyByteBufBE)
GET /devtools/browser/39ac1cb9-a7fb-41c5-980e-bce0d3d7d796 HTTP/1.1
upgrade: websocket
connection: upgrade
sec-websocket-key: WgNABKR7o+64B00t5DbA6Q==
sec-websocket-version: 13
origin: http://localhost:59216
host: localhost:59216
accept: */*
user-agent: AHC/2.1

Response DefaultHttpResponse(decodeResult: success, version: HTTP/1.1)
HTTP/1.1 101 WebSocket Protocol Handshake
Upgrade: WebSocket
Connection: Upgrade
Sec-WebSocket-Accept: SQ6xi6iDRa9v0r5AXdC2actkM1M=

18:00:41.564 [AsyncHttpClient-1-1] DEBUG org.asynchttpclient.netty.channel.DefaultChannelPool - Entry count for : http://localhost:59216 : 1
18:00:41.564 [AsyncHttpClient-1-1] DEBUG org.asynchttpclient.netty.channel.DefaultChannelPool - Entry count for : http://localhost:65249 : 1
18:00:41.951 [main] DEBUG net.thucydides.core.reflection.ClassFinder - Could not load class .Run.PracticaRunTest
18:00:41.951 [main] DEBUG net.thucydides.core.reflection.ClassFinder - Could not load class .Step.CompararPreciosStep
18:00:41.951 [main] DEBUG net.thucydides.core.reflection.ClassFinder - Could not load class .Step.ComprobarCestaStep
18:00:41.951 [main] DEBUG net.thucydides.core.reflection.ClassFinder - Could not load class .Step.RealizarRegistrarStep
18:00:41.951 [main] DEBUG net.thucydides.core.reflection.ClassFinder - Could not load class .Step.RelalizarLoginStep
18:00:41.951 [main] DEBUG net.thucydides.core.reflection.ClassFinder - Could not load class .com.AlmacenCapturas.AlmacenRutasDeCapturaPantalla
18:00:41.951 [main] DEBUG net.thucydides.core.reflection.ClassFinder - Could not load class .com.AlmacenCapturas.CapturaPantalla
18:00:41.951 [main] DEBUG net.thucydides.core.reflection.ClassFinder - Could not load class .com.Cesta.CestaPage
18:00:41.951 [main] DEBUG net.thucydides.core.reflection.ClassFinder - Could not load class .com.Cesta.CrearTabla
18:00:41.952 [main] DEBUG net.thucydides.core.reflection.ClassFinder - Could not load class .com.Cesta.DevolverNombreTelefono
18:00:41.952 [main] DEBUG net.thucydides.core.reflection.ClassFinder - Could not load class .com.Home.AbrirHome
18:00:41.952 [main] DEBUG net.thucydides.core.reflection.ClassFinder - Could not load class .com.Home.DevolverMensaje
18:00:41.952 [main] DEBUG net.thucydides.core.reflection.ClassFinder - Could not load class .com.Home.HomePage
18:00:41.952 [main] DEBUG net.thucydides.core.reflection.ClassFinder - Could not load class .com.Home.NavegacionHome
18:00:41.952 [main] DEBUG net.thucydides.core.reflection.ClassFinder - Could not load class .com.Logearse.AccionLogearse
18:00:41.952 [main] DEBUG net.thucydides.core.reflection.ClassFinder - Could not load class .com.Logearse.LoginPage
18:00:41.952 [main] DEBUG net.thucydides.core.reflection.ClassFinder - Could not load class .com.Registrarse.AccionRegistrarse
18:00:41.952 [main] DEBUG net.thucydides.core.reflection.ClassFinder - Could not load class .com.Registrarse.DevolverAlert
18:00:41.952 [main] DEBUG net.thucydides.core.reflection.ClassFinder - Could not load class .com.Registrarse.RegistrarPage
18:00:41.952 [main] DEBUG net.thucydides.core.reflection.ClassFinder - Could not load class .com.Telefono.AccionAnadir
18:00:41.952 [main] DEBUG net.thucydides.core.reflection.ClassFinder - Could not load class .com.Telefono.NavegacionTelefono
18:00:41.952 [main] DEBUG net.thucydides.core.reflection.ClassFinder - Could not load class .com.Telefono.TelefonoPage
18:00:41.952 [main] DEBUG net.thucydides.core.reflection.ClassFinder - Could not load class .com.project.pom.Espera
18:00:41.952 [main] DEBUG net.thucydides.core.reflection.ClassFinder - Could not load class .com.project.pom.Telefono
18:00:41.952 [main] DEBUG net.thucydides.core.reflection.ClassFinder - Could not load class .com.project.pom.Usuarios
18:00:41.952 [main] DEBUG net.thucydides.core.reflection.ClassFinder - Could not load class .utiles.componentesDelPdf.CreadorPdf
18:00:41.952 [main] DEBUG net.thucydides.core.reflection.ClassFinder - Could not load class .utiles.componentesDelPdf.Descripcion
18:00:41.952 [main] DEBUG net.thucydides.core.reflection.ClassFinder - Could not load class .utiles.componentesDelPdf.RutasPdf
18:00:41.952 [main] DEBUG net.thucydides.core.reflection.ClassFinder - Could not load class .utiles.componentesDelPdf.Sprint
18:00:41.952 [main] DEBUG net.thucydides.core.reflection.ClassFinder - Could not load class .utiles.componentesDelPdf.Telefonos
18:00:41.952 [main] DEBUG net.thucydides.core.reflection.ClassFinder - Could not load class .utiles.componentesDelPdf.TituloPortada
18:00:41.952 [main] DEBUG net.thucydides.core.reflection.ClassFinder - Could not load class .utiles.componentesDelPdf.Usuario
18:00:41.952 [main] DEBUG net.thucydides.core.reflection.ClassFinder - Could not load class .utiles.crearPDF.FactoriaPDF
18:00:41.952 [main] DEBUG net.thucydides.core.reflection.ClassFinder - Could not load class .utiles.crearPDF.PdfLogin
18:00:41.953 [main] DEBUG net.thucydides.core.reflection.ClassFinder - Could not load class META-INF.versions.9.com.sun.istack.logging.StackHelper
18:00:41.953 [main] DEBUG net.thucydides.core.reflection.ClassFinder - Could not load class META-INF.versions.9.com.sun.xml.bind.v2.runtime.reflect.opt.AccessorInjector
18:00:41.954 [main] DEBUG net.thucydides.core.reflection.ClassFinder - Could not load class META-INF.versions.9.com.sun.xml.bind.v2.runtime.reflect.opt.Injector
18:00:41.954 [main] DEBUG net.thucydides.core.reflection.ClassFinder - Could not load class META-INF.versions.9.com.sun.xml.bind.v2.runtime.reflect.opt.OptimizedAccessorFactory
18:00:41.954 [main] DEBUG net.thucydides.core.reflection.ClassFinder - Could not load class META-INF.versions.9.com.sun.xml.bind.v2.runtime.reflect.opt.OptimizedTransducedAccessorFactory
18:00:41.955 [main] DEBUG net.thucydides.core.reflection.ClassFinder - Could not load class META-INF.versions.9.io.opentelemetry.sdk.internal.CurrentJavaVersionSpecific
18:00:41.955 [main] DEBUG net.thucydides.core.reflection.ClassFinder - Could not load class META-INF.versions.9.io.opentelemetry.sdk.internal.Java9VersionSpecific
18:00:41.955 [main] DEBUG net.thucydides.core.reflection.ClassFinder - Could not load class META-INF.versions.9.javax.xml.bind.ModuleUtil
18:00:41.956 [main] DEBUG net.thucydides.core.reflection.ClassFinder - Could not load class META-INF.versions.9.module-info
18:00:41.956 [main] DEBUG net.thucydides.core.reflection.ClassFinder - Could not load class META-INF.versions.9.org.junit.platform.commons.util.ModuleUtils
18:00:42.166 [main] DEBUG net.thucydides.core.reflection.ClassFinder - Could not load class com.google.gson.internal.
18:00:42.272 [main] DEBUG net.thucydides.core.reflection.ClassFinder - Could not load class com.sun.xml.bind.v2.runtime.output.FastInfosetStreamWriterOutput
18:00:42.510 [main] DEBUG net.thucydides.core.reflection.ClassFinder - Could not load class module-info
18:00:42.663 [AsyncHttpClient-1-1] DEBUG org.asynchttpclient.netty.channel.DefaultChannelPool - Entry count for : http://localhost:59216 : 1
18:00:42.663 [AsyncHttpClient-1-1] DEBUG org.asynchttpclient.netty.channel.DefaultChannelPool - Entry count for : http://localhost:65249 : 1
18:00:43.776 [AsyncHttpClient-1-1] DEBUG org.asynchttpclient.netty.channel.DefaultChannelPool - Entry count for : http://localhost:59216 : 1
18:00:43.776 [AsyncHttpClient-1-1] DEBUG org.asynchttpclient.netty.channel.DefaultChannelPool - Entry count for : http://localhost:65249 : 1
18:00:44.378 [Forwarding get on session 37a632245f6107036c08731d76a52a21 to remote] DEBUG org.asynchttpclient.netty.request.NettyRequestSender - Using pooled Channel '[id: 0x51f1f9e8, L:/127.0.0.1:59215 - R:localhost/127.0.0.1:65249]' for 'POST' to 'http://localhost:65249/session/37a632245f6107036c08731d76a52a21/url'
18:00:44.378 [Forwarding get on session 37a632245f6107036c08731d76a52a21 to remote] DEBUG org.asynchttpclient.netty.request.NettyRequestSender - Using open Channel [id: 0x51f1f9e8, L:/127.0.0.1:59215 - R:localhost/127.0.0.1:65249] for POST '/session/37a632245f6107036c08731d76a52a21/url'
18:00:44.868 [AsyncHttpClient-1-1] DEBUG org.asynchttpclient.netty.channel.DefaultChannelPool - Entry count for : http://localhost:59216 : 1
18:00:45.430 [AsyncHttpClient-1-2] DEBUG org.asynchttpclient.netty.handler.HttpHandler - 

Request DefaultHttpRequest(decodeResult: success, version: HTTP/1.1)
POST /session/37a632245f6107036c08731d76a52a21/url HTTP/1.1
User-Agent: selenium/4.4.0 (java windows)
Content-Length: 66
Content-Type: application/json; charset=utf-8
host: localhost:65249
accept: */*

Response DefaultHttpResponse(decodeResult: success, version: HTTP/1.1)
HTTP/1.1 200 OK
Content-Type: application/json; charset=utf-8
cache-control: no-cache
content-length: 14

18:00:45.431 [AsyncHttpClient-1-2] DEBUG org.asynchttpclient.netty.channel.ChannelManager - Adding key: http://localhost:65249 for channel [id: 0x51f1f9e8, L:/127.0.0.1:59215 - R:localhost/127.0.0.1:65249]
18:00:45.434 [Forwarding setTimeout on session 37a632245f6107036c08731d76a52a21 to remote] DEBUG org.asynchttpclient.netty.request.NettyRequestSender - Using pooled Channel '[id: 0x51f1f9e8, L:/127.0.0.1:59215 - R:localhost/127.0.0.1:65249]' for 'POST' to 'http://localhost:65249/session/37a632245f6107036c08731d76a52a21/timeouts'
18:00:45.434 [Forwarding setTimeout on session 37a632245f6107036c08731d76a52a21 to remote] DEBUG org.asynchttpclient.netty.request.NettyRequestSender - Using open Channel [id: 0x51f1f9e8, L:/127.0.0.1:59215 - R:localhost/127.0.0.1:65249] for POST '/session/37a632245f6107036c08731d76a52a21/timeouts'
18:00:45.435 [AsyncHttpClient-1-2] DEBUG org.asynchttpclient.netty.handler.HttpHandler - 

Request DefaultHttpRequest(decodeResult: success, version: HTTP/1.1)
POST /session/37a632245f6107036c08731d76a52a21/timeouts HTTP/1.1
User-Agent: selenium/4.4.0 (java windows)
Content-Length: 22
Content-Type: application/json; charset=utf-8
host: localhost:65249
accept: */*

Response DefaultHttpResponse(decodeResult: success, version: HTTP/1.1)
HTTP/1.1 200 OK
Content-Type: application/json; charset=utf-8
cache-control: no-cache
content-length: 14

18:00:45.435 [AsyncHttpClient-1-2] DEBUG org.asynchttpclient.netty.channel.ChannelManager - Adding key: http://localhost:65249 for channel [id: 0x51f1f9e8, L:/127.0.0.1:59215 - R:localhost/127.0.0.1:65249]
18:00:45.438 [Forwarding getCurrentUrl on session 37a632245f6107036c08731d76a52a21 to remote] DEBUG org.asynchttpclient.netty.request.NettyRequestSender - Using pooled Channel '[id: 0x51f1f9e8, L:/127.0.0.1:59215 - R:localhost/127.0.0.1:65249]' for 'GET' to 'http://localhost:65249/session/37a632245f6107036c08731d76a52a21/url'
18:00:45.439 [Forwarding getCurrentUrl on session 37a632245f6107036c08731d76a52a21 to remote] DEBUG org.asynchttpclient.netty.request.NettyRequestSender - Using open Channel [id: 0x51f1f9e8, L:/127.0.0.1:59215 - R:localhost/127.0.0.1:65249] for GET '/session/37a632245f6107036c08731d76a52a21/url'
18:00:45.444 [AsyncHttpClient-1-2] DEBUG org.asynchttpclient.netty.handler.HttpHandler - 

Request DefaultFullHttpRequest(decodeResult: success, version: HTTP/1.1, content: EmptyByteBufBE)
GET /session/37a632245f6107036c08731d76a52a21/url HTTP/1.1
User-Agent: selenium/4.4.0 (java windows)
Cache-Control: no-cache
Content-Type: application/json; charset=utf-8
host: localhost:65249
accept: */*

Response DefaultHttpResponse(decodeResult: success, version: HTTP/1.1)
HTTP/1.1 200 OK
Content-Type: application/json; charset=utf-8
cache-control: no-cache
content-length: 48

18:00:45.445 [AsyncHttpClient-1-2] DEBUG org.asynchttpclient.netty.channel.ChannelManager - Adding key: http://localhost:65249 for channel [id: 0x51f1f9e8, L:/127.0.0.1:59215 - R:localhost/127.0.0.1:65249]
18:00:45.447 [Forwarding getCurrentUrl on session 37a632245f6107036c08731d76a52a21 to remote] DEBUG org.asynchttpclient.netty.request.NettyRequestSender - Using pooled Channel '[id: 0x51f1f9e8, L:/127.0.0.1:59215 - R:localhost/127.0.0.1:65249]' for 'GET' to 'http://localhost:65249/session/37a632245f6107036c08731d76a52a21/url'
18:00:45.447 [Forwarding getCurrentUrl on session 37a632245f6107036c08731d76a52a21 to remote] DEBUG org.asynchttpclient.netty.request.NettyRequestSender - Using open Channel [id: 0x51f1f9e8, L:/127.0.0.1:59215 - R:localhost/127.0.0.1:65249] for GET '/session/37a632245f6107036c08731d76a52a21/url'
18:00:45.450 [AsyncHttpClient-1-2] DEBUG org.asynchttpclient.netty.handler.HttpHandler - 

Request DefaultFullHttpRequest(decodeResult: success, version: HTTP/1.1, content: EmptyByteBufBE)
GET /session/37a632245f6107036c08731d76a52a21/url HTTP/1.1
User-Agent: selenium/4.4.0 (java windows)
Cache-Control: no-cache
Content-Type: application/json; charset=utf-8
host: localhost:65249
accept: */*

Response DefaultHttpResponse(decodeResult: success, version: HTTP/1.1)
HTTP/1.1 200 OK
Content-Type: application/json; charset=utf-8
cache-control: no-cache
content-length: 48

18:00:45.450 [AsyncHttpClient-1-2] DEBUG org.asynchttpclient.netty.channel.ChannelManager - Adding key: http://localhost:65249 for channel [id: 0x51f1f9e8, L:/127.0.0.1:59215 - R:localhost/127.0.0.1:65249]
18:00:45.466 [main] DEBUG net.serenitybdd.core.photography.Darkroom - Opening darkroom
18:00:45.467 [Darkroom Processing Line] DEBUG net.serenitybdd.core.photography.DarkroomProcessingLine - Darkroom processing line starting up
18:00:45.470 [Forwarding getCurrentWindowHandle on session 37a632245f6107036c08731d76a52a21 to remote] DEBUG org.asynchttpclient.netty.request.NettyRequestSender - Using pooled Channel '[id: 0x51f1f9e8, L:/127.0.0.1:59215 - R:localhost/127.0.0.1:65249]' for 'GET' to 'http://localhost:65249/session/37a632245f6107036c08731d76a52a21/window'
18:00:45.470 [Forwarding getCurrentWindowHandle on session 37a632245f6107036c08731d76a52a21 to remote] DEBUG org.asynchttpclient.netty.request.NettyRequestSender - Using open Channel [id: 0x51f1f9e8, L:/127.0.0.1:59215 - R:localhost/127.0.0.1:65249] for GET '/session/37a632245f6107036c08731d76a52a21/window'
18:00:45.471 [AsyncHttpClient-1-2] DEBUG org.asynchttpclient.netty.handler.HttpHandler - 

Request DefaultFullHttpRequest(decodeResult: success, version: HTTP/1.1, content: EmptyByteBufBE)
GET /session/37a632245f6107036c08731d76a52a21/window HTTP/1.1
User-Agent: selenium/4.4.0 (java windows)
Cache-Control: no-cache
Content-Type: application/json; charset=utf-8
host: localhost:65249
accept: */*

Response DefaultHttpResponse(decodeResult: success, version: HTTP/1.1)
HTTP/1.1 200 OK
Content-Type: application/json; charset=utf-8
cache-control: no-cache
content-length: 53

18:00:45.471 [AsyncHttpClient-1-2] DEBUG org.asynchttpclient.netty.channel.ChannelManager - Adding key: http://localhost:65249 for channel [id: 0x51f1f9e8, L:/127.0.0.1:59215 - R:localhost/127.0.0.1:65249]
18:00:45.473 [Forwarding getAlertText on session 37a632245f6107036c08731d76a52a21 to remote] DEBUG org.asynchttpclient.netty.request.NettyRequestSender - Using pooled Channel '[id: 0x51f1f9e8, L:/127.0.0.1:59215 - R:localhost/127.0.0.1:65249]' for 'GET' to 'http://localhost:65249/session/37a632245f6107036c08731d76a52a21/alert/text'
18:00:45.473 [Forwarding getAlertText on session 37a632245f6107036c08731d76a52a21 to remote] DEBUG org.asynchttpclient.netty.request.NettyRequestSender - Using open Channel [id: 0x51f1f9e8, L:/127.0.0.1:59215 - R:localhost/127.0.0.1:65249] for GET '/session/37a632245f6107036c08731d76a52a21/alert/text'
18:00:45.476 [AsyncHttpClient-1-2] DEBUG org.asynchttpclient.netty.handler.HttpHandler - 

Request DefaultFullHttpRequest(decodeResult: success, version: HTTP/1.1, content: EmptyByteBufBE)
GET /session/37a632245f6107036c08731d76a52a21/alert/text HTTP/1.1
User-Agent: selenium/4.4.0 (java windows)
Cache-Control: no-cache
Content-Type: application/json; charset=utf-8
host: localhost:65249
accept: */*

Response DefaultHttpResponse(decodeResult: success, version: HTTP/1.1)
HTTP/1.1 404 Not Found
Content-Type: application/json; charset=utf-8
cache-control: no-cache
content-length: 835

18:00:45.477 [AsyncHttpClient-1-2] DEBUG org.asynchttpclient.netty.channel.ChannelManager - Adding key: http://localhost:65249 for channel [id: 0x51f1f9e8, L:/127.0.0.1:59215 - R:localhost/127.0.0.1:65249]
18:00:45.487 [Forwarding switchToWindow on session 37a632245f6107036c08731d76a52a21 to remote] DEBUG org.asynchttpclient.netty.request.NettyRequestSender - Using pooled Channel '[id: 0x51f1f9e8, L:/127.0.0.1:59215 - R:localhost/127.0.0.1:65249]' for 'POST' to 'http://localhost:65249/session/37a632245f6107036c08731d76a52a21/window'
18:00:45.487 [Forwarding switchToWindow on session 37a632245f6107036c08731d76a52a21 to remote] DEBUG org.asynchttpclient.netty.request.NettyRequestSender - Using open Channel [id: 0x51f1f9e8, L:/127.0.0.1:59215 - R:localhost/127.0.0.1:65249] for POST '/session/37a632245f6107036c08731d76a52a21/window'
18:00:45.491 [AsyncHttpClient-1-2] DEBUG org.asynchttpclient.netty.handler.HttpHandler - 

Request DefaultHttpRequest(decodeResult: success, version: HTTP/1.1)
POST /session/37a632245f6107036c08731d76a52a21/window HTTP/1.1
User-Agent: selenium/4.4.0 (java windows)
Content-Length: 59
Content-Type: application/json; charset=utf-8
host: localhost:65249
accept: */*

Response DefaultHttpResponse(decodeResult: success, version: HTTP/1.1)
HTTP/1.1 200 OK
Content-Type: application/json; charset=utf-8
cache-control: no-cache
content-length: 14

18:00:45.491 [AsyncHttpClient-1-2] DEBUG org.asynchttpclient.netty.channel.ChannelManager - Adding key: http://localhost:65249 for channel [id: 0x51f1f9e8, L:/127.0.0.1:59215 - R:localhost/127.0.0.1:65249]
18:00:45.493 [Forwarding getCurrentUrl on session 37a632245f6107036c08731d76a52a21 to remote] DEBUG org.asynchttpclient.netty.request.NettyRequestSender - Using pooled Channel '[id: 0x51f1f9e8, L:/127.0.0.1:59215 - R:localhost/127.0.0.1:65249]' for 'GET' to 'http://localhost:65249/session/37a632245f6107036c08731d76a52a21/url'
18:00:45.493 [Forwarding getCurrentUrl on session 37a632245f6107036c08731d76a52a21 to remote] DEBUG org.asynchttpclient.netty.request.NettyRequestSender - Using open Channel [id: 0x51f1f9e8, L:/127.0.0.1:59215 - R:localhost/127.0.0.1:65249] for GET '/session/37a632245f6107036c08731d76a52a21/url'
18:00:45.496 [AsyncHttpClient-1-2] DEBUG org.asynchttpclient.netty.handler.HttpHandler - 

Request DefaultFullHttpRequest(decodeResult: success, version: HTTP/1.1, content: EmptyByteBufBE)
GET /session/37a632245f6107036c08731d76a52a21/url HTTP/1.1
User-Agent: selenium/4.4.0 (java windows)
Cache-Control: no-cache
Content-Type: application/json; charset=utf-8
host: localhost:65249
accept: */*

Response DefaultHttpResponse(decodeResult: success, version: HTTP/1.1)
HTTP/1.1 200 OK
Content-Type: application/json; charset=utf-8
cache-control: no-cache
content-length: 48

18:00:45.497 [AsyncHttpClient-1-2] DEBUG org.asynchttpclient.netty.channel.ChannelManager - Adding key: http://localhost:65249 for channel [id: 0x51f1f9e8, L:/127.0.0.1:59215 - R:localhost/127.0.0.1:65249]
18:00:45.499 [Forwarding screenshot on session 37a632245f6107036c08731d76a52a21 to remote] DEBUG org.asynchttpclient.netty.request.NettyRequestSender - Using pooled Channel '[id: 0x51f1f9e8, L:/127.0.0.1:59215 - R:localhost/127.0.0.1:65249]' for 'GET' to 'http://localhost:65249/session/37a632245f6107036c08731d76a52a21/screenshot'
18:00:45.499 [Forwarding screenshot on session 37a632245f6107036c08731d76a52a21 to remote] DEBUG org.asynchttpclient.netty.request.NettyRequestSender - Using open Channel [id: 0x51f1f9e8, L:/127.0.0.1:59215 - R:localhost/127.0.0.1:65249] for GET '/session/37a632245f6107036c08731d76a52a21/screenshot'
18:00:45.623 [AsyncHttpClient-1-2] DEBUG org.asynchttpclient.netty.handler.HttpHandler - 

Request DefaultFullHttpRequest(decodeResult: success, version: HTTP/1.1, content: EmptyByteBufBE)
GET /session/37a632245f6107036c08731d76a52a21/screenshot HTTP/1.1
User-Agent: selenium/4.4.0 (java windows)
Cache-Control: no-cache
Content-Type: application/json; charset=utf-8
host: localhost:65249
accept: */*

Response DefaultHttpResponse(decodeResult: success, version: HTTP/1.1)
HTTP/1.1 200 OK
Content-Type: application/json; charset=utf-8
cache-control: no-cache
content-length: 239216

18:00:45.625 [AsyncHttpClient-1-2] DEBUG org.asynchttpclient.netty.channel.ChannelManager - Adding key: http://localhost:65249 for channel [id: 0x51f1f9e8, L:/127.0.0.1:59215 - R:localhost/127.0.0.1:65249]
18:00:45.680 [main] DEBUG net.serenitybdd.core.photography.Darkroom - Send negative for processing for target\site\serenity\d822fc9d4781e0578d3ed239da5bb866355c55b6019d4b01def97d6e03f16f23.png
18:00:45.680 [Darkroom Processing Line] DEBUG net.serenitybdd.core.photography.DarkroomProcessingLine - Processing screenshot image in /var/screenshots/screenshot-2440977167155569666
18:00:45.681 [Darkroom Processing Line] DEBUG net.serenitybdd.core.photography.DarkroomProcessingLine - Saving screenshot to target\site\serenity\d822fc9d4781e0578d3ed239da5bb866355c55b6019d4b01def97d6e03f16f23.png
18:00:45.683 [main] DEBUG net.thucydides.core.steps.StepInterceptor - STEP DONE: abro la pagina
18:00:45.694 [Forwarding getPageSource on session 37a632245f6107036c08731d76a52a21 to remote] DEBUG org.asynchttpclient.netty.request.NettyRequestSender - Using pooled Channel '[id: 0x51f1f9e8, L:/127.0.0.1:59215 - R:localhost/127.0.0.1:65249]' for 'POST' to 'http://localhost:65249/session/37a632245f6107036c08731d76a52a21/execute/sync'
18:00:45.694 [Forwarding getPageSource on session 37a632245f6107036c08731d76a52a21 to remote] DEBUG org.asynchttpclient.netty.request.NettyRequestSender - Using open Channel [id: 0x51f1f9e8, L:/127.0.0.1:59215 - R:localhost/127.0.0.1:65249] for POST '/session/37a632245f6107036c08731d76a52a21/execute/sync'
18:00:45.702 [AsyncHttpClient-1-2] DEBUG org.asynchttpclient.netty.handler.HttpHandler - 

Request DefaultHttpRequest(decodeResult: success, version: HTTP/1.1)
POST /session/37a632245f6107036c08731d76a52a21/execute/sync HTTP/1.1
User-Agent: selenium/4.4.0 (java windows)
Content-Length: 176
Content-Type: application/json; charset=utf-8
host: localhost:65249
accept: */*

Response DefaultHttpResponse(decodeResult: success, version: HTTP/1.1)
HTTP/1.1 200 OK
Content-Type: application/json; charset=utf-8
cache-control: no-cache
content-length: 51323

18:00:45.702 [AsyncHttpClient-1-2] DEBUG org.asynchttpclient.netty.channel.ChannelManager - Adding key: http://localhost:65249 for channel [id: 0x51f1f9e8, L:/127.0.0.1:59215 - R:localhost/127.0.0.1:65249]
18:00:45.773 [Forwarding getCurrentUrl on session 37a632245f6107036c08731d76a52a21 to remote] DEBUG org.asynchttpclient.netty.request.NettyRequestSender - Using pooled Channel '[id: 0x51f1f9e8, L:/127.0.0.1:59215 - R:localhost/127.0.0.1:65249]' for 'GET' to 'http://localhost:65249/session/37a632245f6107036c08731d76a52a21/url'
18:00:45.774 [Forwarding getCurrentUrl on session 37a632245f6107036c08731d76a52a21 to remote] DEBUG org.asynchttpclient.netty.request.NettyRequestSender - Using open Channel [id: 0x51f1f9e8, L:/127.0.0.1:59215 - R:localhost/127.0.0.1:65249] for GET '/session/37a632245f6107036c08731d76a52a21/url'
18:00:45.778 [AsyncHttpClient-1-2] DEBUG org.asynchttpclient.netty.handler.HttpHandler - 

Request DefaultFullHttpRequest(decodeResult: success, version: HTTP/1.1, content: EmptyByteBufBE)
GET /session/37a632245f6107036c08731d76a52a21/url HTTP/1.1
User-Agent: selenium/4.4.0 (java windows)
Cache-Control: no-cache
Content-Type: application/json; charset=utf-8
host: localhost:65249
accept: */*

Response DefaultHttpResponse(decodeResult: success, version: HTTP/1.1)
HTTP/1.1 200 OK
Content-Type: application/json; charset=utf-8
cache-control: no-cache
content-length: 48

18:00:45.778 [AsyncHttpClient-1-2] DEBUG org.asynchttpclient.netty.channel.ChannelManager - Adding key: http://localhost:65249 for channel [id: 0x51f1f9e8, L:/127.0.0.1:59215 - R:localhost/127.0.0.1:65249]
18:00:45.782 [main] DEBUG net.thucydides.core.steps.StepInterceptor - STARTING STEP: ComprobarCestaStep.estoy_logeado_con_el_usuario_de_contraseña - voy a login
18:00:45.814 [Forwarding setTimeout on session 37a632245f6107036c08731d76a52a21 to remote] DEBUG org.asynchttpclient.netty.request.NettyRequestSender - Using pooled Channel '[id: 0x51f1f9e8, L:/127.0.0.1:59215 - R:localhost/127.0.0.1:65249]' for 'POST' to 'http://localhost:65249/session/37a632245f6107036c08731d76a52a21/timeouts'
18:00:45.814 [Forwarding setTimeout on session 37a632245f6107036c08731d76a52a21 to remote] DEBUG org.asynchttpclient.netty.request.NettyRequestSender - Using open Channel [id: 0x51f1f9e8, L:/127.0.0.1:59215 - R:localhost/127.0.0.1:65249] for POST '/session/37a632245f6107036c08731d76a52a21/timeouts'
18:00:45.815 [AsyncHttpClient-1-2] DEBUG org.asynchttpclient.netty.handler.HttpHandler - 

Request DefaultHttpRequest(decodeResult: success, version: HTTP/1.1)
POST /session/37a632245f6107036c08731d76a52a21/timeouts HTTP/1.1
User-Agent: selenium/4.4.0 (java windows)
Content-Length: 19
Content-Type: application/json; charset=utf-8
host: localhost:65249
accept: */*

Response DefaultHttpResponse(decodeResult: success, version: HTTP/1.1)
HTTP/1.1 200 OK
Content-Type: application/json; charset=utf-8
cache-control: no-cache
content-length: 14

18:00:45.815 [AsyncHttpClient-1-2] DEBUG org.asynchttpclient.netty.channel.ChannelManager - Adding key: http://localhost:65249 for channel [id: 0x51f1f9e8, L:/127.0.0.1:59215 - R:localhost/127.0.0.1:65249]
18:00:45.818 [Forwarding findElement on session 37a632245f6107036c08731d76a52a21 to remote] DEBUG org.asynchttpclient.netty.request.NettyRequestSender - Using pooled Channel '[id: 0x51f1f9e8, L:/127.0.0.1:59215 - R:localhost/127.0.0.1:65249]' for 'POST' to 'http://localhost:65249/session/37a632245f6107036c08731d76a52a21/element'
18:00:45.818 [Forwarding findElement on session 37a632245f6107036c08731d76a52a21 to remote] DEBUG org.asynchttpclient.netty.request.NettyRequestSender - Using open Channel [id: 0x51f1f9e8, L:/127.0.0.1:59215 - R:localhost/127.0.0.1:65249] for POST '/session/37a632245f6107036c08731d76a52a21/element'
18:00:45.827 [AsyncHttpClient-1-2] DEBUG org.asynchttpclient.netty.handler.HttpHandler - 

Request DefaultHttpRequest(decodeResult: success, version: HTTP/1.1)
POST /session/37a632245f6107036c08731d76a52a21/element HTTP/1.1
User-Agent: selenium/4.4.0 (java windows)
Content-Length: 83
Content-Type: application/json; charset=utf-8
host: localhost:65249
accept: */*

Response DefaultHttpResponse(decodeResult: success, version: HTTP/1.1)
HTTP/1.1 200 OK
Content-Type: application/json; charset=utf-8
cache-control: no-cache
content-length: 88

18:00:45.828 [AsyncHttpClient-1-2] DEBUG org.asynchttpclient.netty.channel.ChannelManager - Adding key: http://localhost:65249 for channel [id: 0x51f1f9e8, L:/127.0.0.1:59215 - R:localhost/127.0.0.1:65249]
18:00:45.829 [Forwarding setTimeout on session 37a632245f6107036c08731d76a52a21 to remote] DEBUG org.asynchttpclient.netty.request.NettyRequestSender - Using pooled Channel '[id: 0x51f1f9e8, L:/127.0.0.1:59215 - R:localhost/127.0.0.1:65249]' for 'POST' to 'http://localhost:65249/session/37a632245f6107036c08731d76a52a21/timeouts'
18:00:45.829 [Forwarding setTimeout on session 37a632245f6107036c08731d76a52a21 to remote] DEBUG org.asynchttpclient.netty.request.NettyRequestSender - Using open Channel [id: 0x51f1f9e8, L:/127.0.0.1:59215 - R:localhost/127.0.0.1:65249] for POST '/session/37a632245f6107036c08731d76a52a21/timeouts'
18:00:45.830 [AsyncHttpClient-1-2] DEBUG org.asynchttpclient.netty.handler.HttpHandler - 

Request DefaultHttpRequest(decodeResult: success, version: HTTP/1.1)
POST /session/37a632245f6107036c08731d76a52a21/timeouts HTTP/1.1
User-Agent: selenium/4.4.0 (java windows)
Content-Length: 22
Content-Type: application/json; charset=utf-8
host: localhost:65249
accept: */*

Response DefaultHttpResponse(decodeResult: success, version: HTTP/1.1)
HTTP/1.1 200 OK
Content-Type: application/json; charset=utf-8
cache-control: no-cache
content-length: 14

18:00:45.830 [AsyncHttpClient-1-2] DEBUG org.asynchttpclient.netty.channel.ChannelManager - Adding key: http://localhost:65249 for channel [id: 0x51f1f9e8, L:/127.0.0.1:59215 - R:localhost/127.0.0.1:65249]
18:00:45.840 [Forwarding findElement on session 37a632245f6107036c08731d76a52a21 to remote] DEBUG org.asynchttpclient.netty.request.NettyRequestSender - Using pooled Channel '[id: 0x51f1f9e8, L:/127.0.0.1:59215 - R:localhost/127.0.0.1:65249]' for 'POST' to 'http://localhost:65249/session/37a632245f6107036c08731d76a52a21/element'
18:00:45.841 [Forwarding findElement on session 37a632245f6107036c08731d76a52a21 to remote] DEBUG org.asynchttpclient.netty.request.NettyRequestSender - Using open Channel [id: 0x51f1f9e8, L:/127.0.0.1:59215 - R:localhost/127.0.0.1:65249] for POST '/session/37a632245f6107036c08731d76a52a21/element'
18:00:45.845 [AsyncHttpClient-1-2] DEBUG org.asynchttpclient.netty.handler.HttpHandler - 

Request DefaultHttpRequest(decodeResult: success, version: HTTP/1.1)
POST /session/37a632245f6107036c08731d76a52a21/element HTTP/1.1
User-Agent: selenium/4.4.0 (java windows)
Content-Length: 83
Content-Type: application/json; charset=utf-8
host: localhost:65249
accept: */*

Response DefaultHttpResponse(decodeResult: success, version: HTTP/1.1)
HTTP/1.1 200 OK
Content-Type: application/json; charset=utf-8
cache-control: no-cache
content-length: 88

18:00:45.845 [AsyncHttpClient-1-2] DEBUG org.asynchttpclient.netty.channel.ChannelManager - Adding key: http://localhost:65249 for channel [id: 0x51f1f9e8, L:/127.0.0.1:59215 - R:localhost/127.0.0.1:65249]
18:00:45.851 [Forwarding isElementDisplayed on session 37a632245f6107036c08731d76a52a21 to remote] DEBUG org.asynchttpclient.netty.request.NettyRequestSender - Using pooled Channel '[id: 0x51f1f9e8, L:/127.0.0.1:59215 - R:localhost/127.0.0.1:65249]' for 'POST' to 'http://localhost:65249/session/37a632245f6107036c08731d76a52a21/execute/sync'
18:00:45.851 [Forwarding isElementDisplayed on session 37a632245f6107036c08731d76a52a21 to remote] DEBUG org.asynchttpclient.netty.request.NettyRequestSender - Using open Channel [id: 0x51f1f9e8, L:/127.0.0.1:59215 - R:localhost/127.0.0.1:65249] for POST '/session/37a632245f6107036c08731d76a52a21/execute/sync'
18:00:45.860 [AsyncHttpClient-1-2] DEBUG org.asynchttpclient.netty.handler.HttpHandler - 

Request DefaultHttpRequest(decodeResult: success, version: HTTP/1.1)
POST /session/37a632245f6107036c08731d76a52a21/execute/sync HTTP/1.1
User-Agent: selenium/4.4.0 (java windows)
Content-Length: 48780
Content-Type: application/json; charset=utf-8
host: localhost:65249
accept: */*

Response DefaultHttpResponse(decodeResult: success, version: HTTP/1.1)
HTTP/1.1 200 OK
Content-Type: application/json; charset=utf-8
cache-control: no-cache
content-length: 14

18:00:45.860 [AsyncHttpClient-1-2] DEBUG org.asynchttpclient.netty.channel.ChannelManager - Adding key: http://localhost:65249 for channel [id: 0x51f1f9e8, L:/127.0.0.1:59215 - R:localhost/127.0.0.1:65249]
18:00:45.861 [Forwarding getElementTagName on session 37a632245f6107036c08731d76a52a21 to remote] DEBUG org.asynchttpclient.netty.request.NettyRequestSender - Using pooled Channel '[id: 0x51f1f9e8, L:/127.0.0.1:59215 - R:localhost/127.0.0.1:65249]' for 'GET' to 'http://localhost:65249/session/37a632245f6107036c08731d76a52a21/element/29e3034e-97c7-404d-b455-a28dd4c5a968/name'
18:00:45.861 [Forwarding getElementTagName on session 37a632245f6107036c08731d76a52a21 to remote] DEBUG org.asynchttpclient.netty.request.NettyRequestSender - Using open Channel [id: 0x51f1f9e8, L:/127.0.0.1:59215 - R:localhost/127.0.0.1:65249] for GET '/session/37a632245f6107036c08731d76a52a21/element/29e3034e-97c7-404d-b455-a28dd4c5a968/name'
18:00:45.864 [AsyncHttpClient-1-2] DEBUG org.asynchttpclient.netty.handler.HttpHandler - 

Request DefaultFullHttpRequest(decodeResult: success, version: HTTP/1.1, content: EmptyByteBufBE)
GET /session/37a632245f6107036c08731d76a52a21/element/29e3034e-97c7-404d-b455-a28dd4c5a968/name HTTP/1.1
User-Agent: selenium/4.4.0 (java windows)
Cache-Control: no-cache
Content-Type: application/json; charset=utf-8
host: localhost:65249
accept: */*

Response DefaultHttpResponse(decodeResult: success, version: HTTP/1.1)
HTTP/1.1 200 OK
Content-Type: application/json; charset=utf-8
cache-control: no-cache
content-length: 13

18:00:45.864 [AsyncHttpClient-1-2] DEBUG org.asynchttpclient.netty.channel.ChannelManager - Adding key: http://localhost:65249 for channel [id: 0x51f1f9e8, L:/127.0.0.1:59215 - R:localhost/127.0.0.1:65249]
18:00:45.867 [Forwarding findElement on session 37a632245f6107036c08731d76a52a21 to remote] DEBUG org.asynchttpclient.netty.request.NettyRequestSender - Using pooled Channel '[id: 0x51f1f9e8, L:/127.0.0.1:59215 - R:localhost/127.0.0.1:65249]' for 'POST' to 'http://localhost:65249/session/37a632245f6107036c08731d76a52a21/element'
18:00:45.867 [Forwarding findElement on session 37a632245f6107036c08731d76a52a21 to remote] DEBUG org.asynchttpclient.netty.request.NettyRequestSender - Using open Channel [id: 0x51f1f9e8, L:/127.0.0.1:59215 - R:localhost/127.0.0.1:65249] for POST '/session/37a632245f6107036c08731d76a52a21/element'
18:00:45.872 [AsyncHttpClient-1-2] DEBUG org.asynchttpclient.netty.handler.HttpHandler - 

Request DefaultHttpRequest(decodeResult: success, version: HTTP/1.1)
POST /session/37a632245f6107036c08731d76a52a21/element HTTP/1.1
User-Agent: selenium/4.4.0 (java windows)
Content-Length: 83
Content-Type: application/json; charset=utf-8
host: localhost:65249
accept: */*

Response DefaultHttpResponse(decodeResult: success, version: HTTP/1.1)
HTTP/1.1 200 OK
Content-Type: application/json; charset=utf-8
cache-control: no-cache
content-length: 88

18:00:45.872 [AsyncHttpClient-1-2] DEBUG org.asynchttpclient.netty.channel.ChannelManager - Adding key: http://localhost:65249 for channel [id: 0x51f1f9e8, L:/127.0.0.1:59215 - R:localhost/127.0.0.1:65249]
18:00:45.882 [Forwarding isElementDisplayed on session 37a632245f6107036c08731d76a52a21 to remote] DEBUG org.asynchttpclient.netty.request.NettyRequestSender - Using pooled Channel '[id: 0x51f1f9e8, L:/127.0.0.1:59215 - R:localhost/127.0.0.1:65249]' for 'POST' to 'http://localhost:65249/session/37a632245f6107036c08731d76a52a21/execute/sync'
18:00:45.882 [Forwarding isElementDisplayed on session 37a632245f6107036c08731d76a52a21 to remote] DEBUG org.asynchttpclient.netty.request.NettyRequestSender - Using open Channel [id: 0x51f1f9e8, L:/127.0.0.1:59215 - R:localhost/127.0.0.1:65249] for POST '/session/37a632245f6107036c08731d76a52a21/execute/sync'
18:00:45.890 [AsyncHttpClient-1-2] DEBUG org.asynchttpclient.netty.handler.HttpHandler - 

Request DefaultHttpRequest(decodeResult: success, version: HTTP/1.1)
POST /session/37a632245f6107036c08731d76a52a21/execute/sync HTTP/1.1
User-Agent: selenium/4.4.0 (java windows)
Content-Length: 48780
Content-Type: application/json; charset=utf-8
host: localhost:65249
accept: */*

Response DefaultHttpResponse(decodeResult: success, version: HTTP/1.1)
HTTP/1.1 200 OK
Content-Type: application/json; charset=utf-8
cache-control: no-cache
content-length: 14

18:00:45.890 [AsyncHttpClient-1-2] DEBUG org.asynchttpclient.netty.channel.ChannelManager - Adding key: http://localhost:65249 for channel [id: 0x51f1f9e8, L:/127.0.0.1:59215 - R:localhost/127.0.0.1:65249]
18:00:45.891 [Forwarding getElementTagName on session 37a632245f6107036c08731d76a52a21 to remote] DEBUG org.asynchttpclient.netty.request.NettyRequestSender - Using pooled Channel '[id: 0x51f1f9e8, L:/127.0.0.1:59215 - R:localhost/127.0.0.1:65249]' for 'GET' to 'http://localhost:65249/session/37a632245f6107036c08731d76a52a21/element/29e3034e-97c7-404d-b455-a28dd4c5a968/name'
18:00:45.891 [Forwarding getElementTagName on session 37a632245f6107036c08731d76a52a21 to remote] DEBUG org.asynchttpclient.netty.request.NettyRequestSender - Using open Channel [id: 0x51f1f9e8, L:/127.0.0.1:59215 - R:localhost/127.0.0.1:65249] for GET '/session/37a632245f6107036c08731d76a52a21/element/29e3034e-97c7-404d-b455-a28dd4c5a968/name'
18:00:45.893 [AsyncHttpClient-1-2] DEBUG org.asynchttpclient.netty.handler.HttpHandler - 

Request DefaultFullHttpRequest(decodeResult: success, version: HTTP/1.1, content: EmptyByteBufBE)
GET /session/37a632245f6107036c08731d76a52a21/element/29e3034e-97c7-404d-b455-a28dd4c5a968/name HTTP/1.1
User-Agent: selenium/4.4.0 (java windows)
Cache-Control: no-cache
Content-Type: application/json; charset=utf-8
host: localhost:65249
accept: */*

Response DefaultHttpResponse(decodeResult: success, version: HTTP/1.1)
HTTP/1.1 200 OK
Content-Type: application/json; charset=utf-8
cache-control: no-cache
content-length: 13

18:00:45.893 [AsyncHttpClient-1-2] DEBUG org.asynchttpclient.netty.channel.ChannelManager - Adding key: http://localhost:65249 for channel [id: 0x51f1f9e8, L:/127.0.0.1:59215 - R:localhost/127.0.0.1:65249]
18:00:45.895 [Forwarding findElement on session 37a632245f6107036c08731d76a52a21 to remote] DEBUG org.asynchttpclient.netty.request.NettyRequestSender - Using pooled Channel '[id: 0x51f1f9e8, L:/127.0.0.1:59215 - R:localhost/127.0.0.1:65249]' for 'POST' to 'http://localhost:65249/session/37a632245f6107036c08731d76a52a21/element'
18:00:45.896 [Forwarding findElement on session 37a632245f6107036c08731d76a52a21 to remote] DEBUG org.asynchttpclient.netty.request.NettyRequestSender - Using open Channel [id: 0x51f1f9e8, L:/127.0.0.1:59215 - R:localhost/127.0.0.1:65249] for POST '/session/37a632245f6107036c08731d76a52a21/element'
18:00:45.900 [AsyncHttpClient-1-2] DEBUG org.asynchttpclient.netty.handler.HttpHandler - 

Request DefaultHttpRequest(decodeResult: success, version: HTTP/1.1)
POST /session/37a632245f6107036c08731d76a52a21/element HTTP/1.1
User-Agent: selenium/4.4.0 (java windows)
Content-Length: 83
Content-Type: application/json; charset=utf-8
host: localhost:65249
accept: */*

Response DefaultHttpResponse(decodeResult: success, version: HTTP/1.1)
HTTP/1.1 200 OK
Content-Type: application/json; charset=utf-8
cache-control: no-cache
content-length: 88

18:00:45.900 [AsyncHttpClient-1-2] DEBUG org.asynchttpclient.netty.channel.ChannelManager - Adding key: http://localhost:65249 for channel [id: 0x51f1f9e8, L:/127.0.0.1:59215 - R:localhost/127.0.0.1:65249]
18:00:45.902 [Forwarding isElementDisplayed on session 37a632245f6107036c08731d76a52a21 to remote] DEBUG org.asynchttpclient.netty.request.NettyRequestSender - Using pooled Channel '[id: 0x51f1f9e8, L:/127.0.0.1:59215 - R:localhost/127.0.0.1:65249]' for 'POST' to 'http://localhost:65249/session/37a632245f6107036c08731d76a52a21/execute/sync'
18:00:45.903 [Forwarding isElementDisplayed on session 37a632245f6107036c08731d76a52a21 to remote] DEBUG org.asynchttpclient.netty.request.NettyRequestSender - Using open Channel [id: 0x51f1f9e8, L:/127.0.0.1:59215 - R:localhost/127.0.0.1:65249] for POST '/session/37a632245f6107036c08731d76a52a21/execute/sync'
18:00:45.909 [AsyncHttpClient-1-2] DEBUG org.asynchttpclient.netty.handler.HttpHandler - 

Request DefaultHttpRequest(decodeResult: success, version: HTTP/1.1)
POST /session/37a632245f6107036c08731d76a52a21/execute/sync HTTP/1.1
User-Agent: selenium/4.4.0 (java windows)
Content-Length: 48780
Content-Type: application/json; charset=utf-8
host: localhost:65249
accept: */*

Response DefaultHttpResponse(decodeResult: success, version: HTTP/1.1)
HTTP/1.1 200 OK
Content-Type: application/json; charset=utf-8
cache-control: no-cache
content-length: 14

18:00:45.909 [AsyncHttpClient-1-2] DEBUG org.asynchttpclient.netty.channel.ChannelManager - Adding key: http://localhost:65249 for channel [id: 0x51f1f9e8, L:/127.0.0.1:59215 - R:localhost/127.0.0.1:65249]
18:00:45.910 [Forwarding clickElement on session 37a632245f6107036c08731d76a52a21 to remote] DEBUG org.asynchttpclient.netty.request.NettyRequestSender - Using pooled Channel '[id: 0x51f1f9e8, L:/127.0.0.1:59215 - R:localhost/127.0.0.1:65249]' for 'POST' to 'http://localhost:65249/session/37a632245f6107036c08731d76a52a21/element/29e3034e-97c7-404d-b455-a28dd4c5a968/click'
18:00:45.910 [Forwarding clickElement on session 37a632245f6107036c08731d76a52a21 to remote] DEBUG org.asynchttpclient.netty.request.NettyRequestSender - Using open Channel [id: 0x51f1f9e8, L:/127.0.0.1:59215 - R:localhost/127.0.0.1:65249] for POST '/session/37a632245f6107036c08731d76a52a21/element/29e3034e-97c7-404d-b455-a28dd4c5a968/click'
18:00:45.948 [AsyncHttpClient-1-2] DEBUG org.asynchttpclient.netty.handler.HttpHandler - 

Request DefaultHttpRequest(decodeResult: success, version: HTTP/1.1)
POST /session/37a632245f6107036c08731d76a52a21/element/29e3034e-97c7-404d-b455-a28dd4c5a968/click HTTP/1.1
User-Agent: selenium/4.4.0 (java windows)
Content-Length: 50
Content-Type: application/json; charset=utf-8
host: localhost:65249
accept: */*

Response DefaultHttpResponse(decodeResult: success, version: HTTP/1.1)
HTTP/1.1 200 OK
Content-Type: application/json; charset=utf-8
cache-control: no-cache
content-length: 14

18:00:45.949 [AsyncHttpClient-1-2] DEBUG org.asynchttpclient.netty.channel.ChannelManager - Adding key: http://localhost:65249 for channel [id: 0x51f1f9e8, L:/127.0.0.1:59215 - R:localhost/127.0.0.1:65249]
18:00:45.958 [Forwarding getCurrentWindowHandle on session 37a632245f6107036c08731d76a52a21 to remote] DEBUG org.asynchttpclient.netty.request.NettyRequestSender - Using pooled Channel '[id: 0x51f1f9e8, L:/127.0.0.1:59215 - R:localhost/127.0.0.1:65249]' for 'GET' to 'http://localhost:65249/session/37a632245f6107036c08731d76a52a21/window'
18:00:45.958 [Forwarding getCurrentWindowHandle on session 37a632245f6107036c08731d76a52a21 to remote] DEBUG org.asynchttpclient.netty.request.NettyRequestSender - Using open Channel [id: 0x51f1f9e8, L:/127.0.0.1:59215 - R:localhost/127.0.0.1:65249] for GET '/session/37a632245f6107036c08731d76a52a21/window'
18:00:45.959 [AsyncHttpClient-1-2] DEBUG org.asynchttpclient.netty.handler.HttpHandler - 

Request DefaultFullHttpRequest(decodeResult: success, version: HTTP/1.1, content: EmptyByteBufBE)
GET /session/37a632245f6107036c08731d76a52a21/window HTTP/1.1
User-Agent: selenium/4.4.0 (java windows)
Cache-Control: no-cache
Content-Type: application/json; charset=utf-8
host: localhost:65249
accept: */*

Response DefaultHttpResponse(decodeResult: success, version: HTTP/1.1)
HTTP/1.1 200 OK
Content-Type: application/json; charset=utf-8
cache-control: no-cache
content-length: 53

18:00:45.959 [AsyncHttpClient-1-2] DEBUG org.asynchttpclient.netty.channel.ChannelManager - Adding key: http://localhost:65249 for channel [id: 0x51f1f9e8, L:/127.0.0.1:59215 - R:localhost/127.0.0.1:65249]
18:00:45.961 [Forwarding getAlertText on session 37a632245f6107036c08731d76a52a21 to remote] DEBUG org.asynchttpclient.netty.request.NettyRequestSender - Using pooled Channel '[id: 0x51f1f9e8, L:/127.0.0.1:59215 - R:localhost/127.0.0.1:65249]' for 'GET' to 'http://localhost:65249/session/37a632245f6107036c08731d76a52a21/alert/text'
18:00:45.961 [Forwarding getAlertText on session 37a632245f6107036c08731d76a52a21 to remote] DEBUG org.asynchttpclient.netty.request.NettyRequestSender - Using open Channel [id: 0x51f1f9e8, L:/127.0.0.1:59215 - R:localhost/127.0.0.1:65249] for GET '/session/37a632245f6107036c08731d76a52a21/alert/text'
18:00:45.962 [AsyncHttpClient-1-2] DEBUG org.asynchttpclient.netty.handler.HttpHandler - 

Request DefaultFullHttpRequest(decodeResult: success, version: HTTP/1.1, content: EmptyByteBufBE)
GET /session/37a632245f6107036c08731d76a52a21/alert/text HTTP/1.1
User-Agent: selenium/4.4.0 (java windows)
Cache-Control: no-cache
Content-Type: application/json; charset=utf-8
host: localhost:65249
accept: */*

Response DefaultHttpResponse(decodeResult: success, version: HTTP/1.1)
HTTP/1.1 404 Not Found
Content-Type: application/json; charset=utf-8
cache-control: no-cache
content-length: 835

18:00:45.962 [AsyncHttpClient-1-2] DEBUG org.asynchttpclient.netty.channel.ChannelManager - Adding key: http://localhost:65249 for channel [id: 0x51f1f9e8, L:/127.0.0.1:59215 - R:localhost/127.0.0.1:65249]
18:00:45.964 [AsyncHttpClient-1-1] DEBUG org.asynchttpclient.netty.channel.DefaultChannelPool - Entry count for : http://localhost:59216 : 1
18:00:45.964 [AsyncHttpClient-1-1] DEBUG org.asynchttpclient.netty.channel.DefaultChannelPool - Entry count for : http://localhost:65249 : 1
18:00:45.964 [Forwarding switchToWindow on session 37a632245f6107036c08731d76a52a21 to remote] DEBUG org.asynchttpclient.netty.request.NettyRequestSender - Using pooled Channel '[id: 0x51f1f9e8, L:/127.0.0.1:59215 - R:localhost/127.0.0.1:65249]' for 'POST' to 'http://localhost:65249/session/37a632245f6107036c08731d76a52a21/window'
18:00:45.964 [Forwarding switchToWindow on session 37a632245f6107036c08731d76a52a21 to remote] DEBUG org.asynchttpclient.netty.request.NettyRequestSender - Using open Channel [id: 0x51f1f9e8, L:/127.0.0.1:59215 - R:localhost/127.0.0.1:65249] for POST '/session/37a632245f6107036c08731d76a52a21/window'
18:00:45.966 [AsyncHttpClient-1-2] DEBUG org.asynchttpclient.netty.handler.HttpHandler - 

Request DefaultHttpRequest(decodeResult: success, version: HTTP/1.1)
POST /session/37a632245f6107036c08731d76a52a21/window HTTP/1.1
User-Agent: selenium/4.4.0 (java windows)
Content-Length: 59
Content-Type: application/json; charset=utf-8
host: localhost:65249
accept: */*

Response DefaultHttpResponse(decodeResult: success, version: HTTP/1.1)
HTTP/1.1 200 OK
Content-Type: application/json; charset=utf-8
cache-control: no-cache
content-length: 14

18:00:45.966 [AsyncHttpClient-1-2] DEBUG org.asynchttpclient.netty.channel.ChannelManager - Adding key: http://localhost:65249 for channel [id: 0x51f1f9e8, L:/127.0.0.1:59215 - R:localhost/127.0.0.1:65249]
18:00:45.967 [Forwarding getCurrentUrl on session 37a632245f6107036c08731d76a52a21 to remote] DEBUG org.asynchttpclient.netty.request.NettyRequestSender - Using pooled Channel '[id: 0x51f1f9e8, L:/127.0.0.1:59215 - R:localhost/127.0.0.1:65249]' for 'GET' to 'http://localhost:65249/session/37a632245f6107036c08731d76a52a21/url'
18:00:45.967 [Forwarding getCurrentUrl on session 37a632245f6107036c08731d76a52a21 to remote] DEBUG org.asynchttpclient.netty.request.NettyRequestSender - Using open Channel [id: 0x51f1f9e8, L:/127.0.0.1:59215 - R:localhost/127.0.0.1:65249] for GET '/session/37a632245f6107036c08731d76a52a21/url'
18:00:45.971 [AsyncHttpClient-1-2] DEBUG org.asynchttpclient.netty.handler.HttpHandler - 

Request DefaultFullHttpRequest(decodeResult: success, version: HTTP/1.1, content: EmptyByteBufBE)
GET /session/37a632245f6107036c08731d76a52a21/url HTTP/1.1
User-Agent: selenium/4.4.0 (java windows)
Cache-Control: no-cache
Content-Type: application/json; charset=utf-8
host: localhost:65249
accept: */*

Response DefaultHttpResponse(decodeResult: success, version: HTTP/1.1)
HTTP/1.1 200 OK
Content-Type: application/json; charset=utf-8
cache-control: no-cache
content-length: 48

18:00:45.972 [AsyncHttpClient-1-2] DEBUG org.asynchttpclient.netty.channel.ChannelManager - Adding key: http://localhost:65249 for channel [id: 0x51f1f9e8, L:/127.0.0.1:59215 - R:localhost/127.0.0.1:65249]
18:00:45.972 [Forwarding screenshot on session 37a632245f6107036c08731d76a52a21 to remote] DEBUG org.asynchttpclient.netty.request.NettyRequestSender - Using pooled Channel '[id: 0x51f1f9e8, L:/127.0.0.1:59215 - R:localhost/127.0.0.1:65249]' for 'GET' to 'http://localhost:65249/session/37a632245f6107036c08731d76a52a21/screenshot'
18:00:45.972 [Forwarding screenshot on session 37a632245f6107036c08731d76a52a21 to remote] DEBUG org.asynchttpclient.netty.request.NettyRequestSender - Using open Channel [id: 0x51f1f9e8, L:/127.0.0.1:59215 - R:localhost/127.0.0.1:65249] for GET '/session/37a632245f6107036c08731d76a52a21/screenshot'
18:00:46.096 [AsyncHttpClient-1-2] DEBUG org.asynchttpclient.netty.handler.HttpHandler - 

Request DefaultFullHttpRequest(decodeResult: success, version: HTTP/1.1, content: EmptyByteBufBE)
GET /session/37a632245f6107036c08731d76a52a21/screenshot HTTP/1.1
User-Agent: selenium/4.4.0 (java windows)
Cache-Control: no-cache
Content-Type: application/json; charset=utf-8
host: localhost:65249
accept: */*

Response DefaultHttpResponse(decodeResult: success, version: HTTP/1.1)
HTTP/1.1 200 OK
Content-Type: application/json; charset=utf-8
cache-control: no-cache
content-length: 252568

18:00:46.097 [AsyncHttpClient-1-2] DEBUG org.asynchttpclient.netty.channel.ChannelManager - Adding key: http://localhost:65249 for channel [id: 0x51f1f9e8, L:/127.0.0.1:59215 - R:localhost/127.0.0.1:65249]
18:00:46.101 [main] DEBUG net.serenitybdd.core.photography.Darkroom - Send negative for processing for target\site\serenity\eb5a908e84aed06b89c9bf3632731f4e4f63d0f8b417e950bd9180e75f509d7d.png
18:00:46.101 [main] DEBUG net.thucydides.core.steps.StepInterceptor - STEP DONE: voy a login
18:00:46.101 [Darkroom Processing Line] DEBUG net.serenitybdd.core.photography.DarkroomProcessingLine - Processing screenshot image in /var/screenshots/screenshot-7204559935442970395
18:00:46.101 [Darkroom Processing Line] DEBUG net.serenitybdd.core.photography.DarkroomProcessingLine - Saving screenshot to target\site\serenity\eb5a908e84aed06b89c9bf3632731f4e4f63d0f8b417e950bd9180e75f509d7d.png
18:00:46.109 [Forwarding getPageSource on session 37a632245f6107036c08731d76a52a21 to remote] DEBUG org.asynchttpclient.netty.request.NettyRequestSender - Using pooled Channel '[id: 0x51f1f9e8, L:/127.0.0.1:59215 - R:localhost/127.0.0.1:65249]' for 'POST' to 'http://localhost:65249/session/37a632245f6107036c08731d76a52a21/execute/sync'
18:00:46.109 [Forwarding getPageSource on session 37a632245f6107036c08731d76a52a21 to remote] DEBUG org.asynchttpclient.netty.request.NettyRequestSender - Using open Channel [id: 0x51f1f9e8, L:/127.0.0.1:59215 - R:localhost/127.0.0.1:65249] for POST '/session/37a632245f6107036c08731d76a52a21/execute/sync'
18:00:46.115 [AsyncHttpClient-1-2] DEBUG org.asynchttpclient.netty.handler.HttpHandler - 

Request DefaultHttpRequest(decodeResult: success, version: HTTP/1.1)
POST /session/37a632245f6107036c08731d76a52a21/execute/sync HTTP/1.1
User-Agent: selenium/4.4.0 (java windows)
Content-Length: 176
Content-Type: application/json; charset=utf-8
host: localhost:65249
accept: */*

Response DefaultHttpResponse(decodeResult: success, version: HTTP/1.1)
HTTP/1.1 200 OK
Content-Type: application/json; charset=utf-8
cache-control: no-cache
content-length: 57699

18:00:46.115 [AsyncHttpClient-1-2] DEBUG org.asynchttpclient.netty.channel.ChannelManager - Adding key: http://localhost:65249 for channel [id: 0x51f1f9e8, L:/127.0.0.1:59215 - R:localhost/127.0.0.1:65249]
18:00:46.130 [Forwarding getCurrentUrl on session 37a632245f6107036c08731d76a52a21 to remote] DEBUG org.asynchttpclient.netty.request.NettyRequestSender - Using pooled Channel '[id: 0x51f1f9e8, L:/127.0.0.1:59215 - R:localhost/127.0.0.1:65249]' for 'GET' to 'http://localhost:65249/session/37a632245f6107036c08731d76a52a21/url'
18:00:46.130 [Forwarding getCurrentUrl on session 37a632245f6107036c08731d76a52a21 to remote] DEBUG org.asynchttpclient.netty.request.NettyRequestSender - Using open Channel [id: 0x51f1f9e8, L:/127.0.0.1:59215 - R:localhost/127.0.0.1:65249] for GET '/session/37a632245f6107036c08731d76a52a21/url'
18:00:46.136 [AsyncHttpClient-1-2] DEBUG org.asynchttpclient.netty.handler.HttpHandler - 

Request DefaultFullHttpRequest(decodeResult: success, version: HTTP/1.1, content: EmptyByteBufBE)
GET /session/37a632245f6107036c08731d76a52a21/url HTTP/1.1
User-Agent: selenium/4.4.0 (java windows)
Cache-Control: no-cache
Content-Type: application/json; charset=utf-8
host: localhost:65249
accept: */*

Response DefaultHttpResponse(decodeResult: success, version: HTTP/1.1)
HTTP/1.1 200 OK
Content-Type: application/json; charset=utf-8
cache-control: no-cache
content-length: 48

18:00:46.137 [AsyncHttpClient-1-2] DEBUG org.asynchttpclient.netty.channel.ChannelManager - Adding key: http://localhost:65249 for channel [id: 0x51f1f9e8, L:/127.0.0.1:59215 - R:localhost/127.0.0.1:65249]
18:00:46.140 [main] DEBUG net.thucydides.core.steps.StepInterceptor - STARTING STEP: ComprobarCestaStep.estoy_logeado_con_el_usuario_de_contraseña - inserto usuario{usuario} y contraseña{password}
18:00:46.145 [Forwarding setTimeout on session 37a632245f6107036c08731d76a52a21 to remote] DEBUG org.asynchttpclient.netty.request.NettyRequestSender - Using pooled Channel '[id: 0x51f1f9e8, L:/127.0.0.1:59215 - R:localhost/127.0.0.1:65249]' for 'POST' to 'http://localhost:65249/session/37a632245f6107036c08731d76a52a21/timeouts'
18:00:46.145 [Forwarding setTimeout on session 37a632245f6107036c08731d76a52a21 to remote] DEBUG org.asynchttpclient.netty.request.NettyRequestSender - Using open Channel [id: 0x51f1f9e8, L:/127.0.0.1:59215 - R:localhost/127.0.0.1:65249] for POST '/session/37a632245f6107036c08731d76a52a21/timeouts'
18:00:46.146 [AsyncHttpClient-1-2] DEBUG org.asynchttpclient.netty.handler.HttpHandler - 

Request DefaultHttpRequest(decodeResult: success, version: HTTP/1.1)
POST /session/37a632245f6107036c08731d76a52a21/timeouts HTTP/1.1
User-Agent: selenium/4.4.0 (java windows)
Content-Length: 19
Content-Type: application/json; charset=utf-8
host: localhost:65249
accept: */*

Response DefaultHttpResponse(decodeResult: success, version: HTTP/1.1)
HTTP/1.1 200 OK
Content-Type: application/json; charset=utf-8
cache-control: no-cache
content-length: 14

18:00:46.146 [AsyncHttpClient-1-2] DEBUG org.asynchttpclient.netty.channel.ChannelManager - Adding key: http://localhost:65249 for channel [id: 0x51f1f9e8, L:/127.0.0.1:59215 - R:localhost/127.0.0.1:65249]
18:00:46.148 [Forwarding findElement on session 37a632245f6107036c08731d76a52a21 to remote] DEBUG org.asynchttpclient.netty.request.NettyRequestSender - Using pooled Channel '[id: 0x51f1f9e8, L:/127.0.0.1:59215 - R:localhost/127.0.0.1:65249]' for 'POST' to 'http://localhost:65249/session/37a632245f6107036c08731d76a52a21/element'
18:00:46.148 [Forwarding findElement on session 37a632245f6107036c08731d76a52a21 to remote] DEBUG org.asynchttpclient.netty.request.NettyRequestSender - Using open Channel [id: 0x51f1f9e8, L:/127.0.0.1:59215 - R:localhost/127.0.0.1:65249] for POST '/session/37a632245f6107036c08731d76a52a21/element'
18:00:46.157 [AsyncHttpClient-1-2] DEBUG org.asynchttpclient.netty.handler.HttpHandler - 

Request DefaultHttpRequest(decodeResult: success, version: HTTP/1.1)
POST /session/37a632245f6107036c08731d76a52a21/element HTTP/1.1
User-Agent: selenium/4.4.0 (java windows)
Content-Length: 75
Content-Type: application/json; charset=utf-8
host: localhost:65249
accept: */*

Response DefaultHttpResponse(decodeResult: success, version: HTTP/1.1)
HTTP/1.1 200 OK
Content-Type: application/json; charset=utf-8
cache-control: no-cache
content-length: 88

18:00:46.158 [AsyncHttpClient-1-2] DEBUG org.asynchttpclient.netty.channel.ChannelManager - Adding key: http://localhost:65249 for channel [id: 0x51f1f9e8, L:/127.0.0.1:59215 - R:localhost/127.0.0.1:65249]
18:00:46.159 [Forwarding setTimeout on session 37a632245f6107036c08731d76a52a21 to remote] DEBUG org.asynchttpclient.netty.request.NettyRequestSender - Using pooled Channel '[id: 0x51f1f9e8, L:/127.0.0.1:59215 - R:localhost/127.0.0.1:65249]' for 'POST' to 'http://localhost:65249/session/37a632245f6107036c08731d76a52a21/timeouts'
18:00:46.160 [Forwarding setTimeout on session 37a632245f6107036c08731d76a52a21 to remote] DEBUG org.asynchttpclient.netty.request.NettyRequestSender - Using open Channel [id: 0x51f1f9e8, L:/127.0.0.1:59215 - R:localhost/127.0.0.1:65249] for POST '/session/37a632245f6107036c08731d76a52a21/timeouts'
18:00:46.161 [AsyncHttpClient-1-2] DEBUG org.asynchttpclient.netty.handler.HttpHandler - 

Request DefaultHttpRequest(decodeResult: success, version: HTTP/1.1)
POST /session/37a632245f6107036c08731d76a52a21/timeouts HTTP/1.1
User-Agent: selenium/4.4.0 (java windows)
Content-Length: 22
Content-Type: application/json; charset=utf-8
host: localhost:65249
accept: */*

Response DefaultHttpResponse(decodeResult: success, version: HTTP/1.1)
HTTP/1.1 200 OK
Content-Type: application/json; charset=utf-8
cache-control: no-cache
content-length: 14

18:00:46.161 [AsyncHttpClient-1-2] DEBUG org.asynchttpclient.netty.channel.ChannelManager - Adding key: http://localhost:65249 for channel [id: 0x51f1f9e8, L:/127.0.0.1:59215 - R:localhost/127.0.0.1:65249]
18:00:46.170 [Forwarding setTimeout on session 37a632245f6107036c08731d76a52a21 to remote] DEBUG org.asynchttpclient.netty.request.NettyRequestSender - Using pooled Channel '[id: 0x51f1f9e8, L:/127.0.0.1:59215 - R:localhost/127.0.0.1:65249]' for 'POST' to 'http://localhost:65249/session/37a632245f6107036c08731d76a52a21/timeouts'
18:00:46.170 [Forwarding setTimeout on session 37a632245f6107036c08731d76a52a21 to remote] DEBUG org.asynchttpclient.netty.request.NettyRequestSender - Using open Channel [id: 0x51f1f9e8, L:/127.0.0.1:59215 - R:localhost/127.0.0.1:65249] for POST '/session/37a632245f6107036c08731d76a52a21/timeouts'
18:00:46.171 [AsyncHttpClient-1-2] DEBUG org.asynchttpclient.netty.handler.HttpHandler - 

Request DefaultHttpRequest(decodeResult: success, version: HTTP/1.1)
POST /session/37a632245f6107036c08731d76a52a21/timeouts HTTP/1.1
User-Agent: selenium/4.4.0 (java windows)
Content-Length: 19
Content-Type: application/json; charset=utf-8
host: localhost:65249
accept: */*

Response DefaultHttpResponse(decodeResult: success, version: HTTP/1.1)
HTTP/1.1 200 OK
Content-Type: application/json; charset=utf-8
cache-control: no-cache
content-length: 14

18:00:46.172 [AsyncHttpClient-1-2] DEBUG org.asynchttpclient.netty.channel.ChannelManager - Adding key: http://localhost:65249 for channel [id: 0x51f1f9e8, L:/127.0.0.1:59215 - R:localhost/127.0.0.1:65249]
18:00:46.175 [Forwarding findElement on session 37a632245f6107036c08731d76a52a21 to remote] DEBUG org.asynchttpclient.netty.request.NettyRequestSender - Using pooled Channel '[id: 0x51f1f9e8, L:/127.0.0.1:59215 - R:localhost/127.0.0.1:65249]' for 'POST' to 'http://localhost:65249/session/37a632245f6107036c08731d76a52a21/element'
18:00:46.175 [Forwarding findElement on session 37a632245f6107036c08731d76a52a21 to remote] DEBUG org.asynchttpclient.netty.request.NettyRequestSender - Using open Channel [id: 0x51f1f9e8, L:/127.0.0.1:59215 - R:localhost/127.0.0.1:65249] for POST '/session/37a632245f6107036c08731d76a52a21/element'
18:00:46.193 [AsyncHttpClient-1-2] DEBUG org.asynchttpclient.netty.handler.HttpHandler - 

Request DefaultHttpRequest(decodeResult: success, version: HTTP/1.1)
POST /session/37a632245f6107036c08731d76a52a21/element HTTP/1.1
User-Agent: selenium/4.4.0 (java windows)
Content-Length: 75
Content-Type: application/json; charset=utf-8
host: localhost:65249
accept: */*

Response DefaultHttpResponse(decodeResult: success, version: HTTP/1.1)
HTTP/1.1 200 OK
Content-Type: application/json; charset=utf-8
cache-control: no-cache
content-length: 88

18:00:46.194 [AsyncHttpClient-1-2] DEBUG org.asynchttpclient.netty.channel.ChannelManager - Adding key: http://localhost:65249 for channel [id: 0x51f1f9e8, L:/127.0.0.1:59215 - R:localhost/127.0.0.1:65249]
18:00:46.197 [Forwarding setTimeout on session 37a632245f6107036c08731d76a52a21 to remote] DEBUG org.asynchttpclient.netty.request.NettyRequestSender - Using pooled Channel '[id: 0x51f1f9e8, L:/127.0.0.1:59215 - R:localhost/127.0.0.1:65249]' for 'POST' to 'http://localhost:65249/session/37a632245f6107036c08731d76a52a21/timeouts'
18:00:46.197 [Forwarding setTimeout on session 37a632245f6107036c08731d76a52a21 to remote] DEBUG org.asynchttpclient.netty.request.NettyRequestSender - Using open Channel [id: 0x51f1f9e8, L:/127.0.0.1:59215 - R:localhost/127.0.0.1:65249] for POST '/session/37a632245f6107036c08731d76a52a21/timeouts'
18:00:46.198 [AsyncHttpClient-1-2] DEBUG org.asynchttpclient.netty.handler.HttpHandler - 

Request DefaultHttpRequest(decodeResult: success, version: HTTP/1.1)
POST /session/37a632245f6107036c08731d76a52a21/timeouts HTTP/1.1
User-Agent: selenium/4.4.0 (java windows)
Content-Length: 22
Content-Type: application/json; charset=utf-8
host: localhost:65249
accept: */*

Response DefaultHttpResponse(decodeResult: success, version: HTTP/1.1)
HTTP/1.1 200 OK
Content-Type: application/json; charset=utf-8
cache-control: no-cache
content-length: 14

18:00:46.198 [AsyncHttpClient-1-2] DEBUG org.asynchttpclient.netty.channel.ChannelManager - Adding key: http://localhost:65249 for channel [id: 0x51f1f9e8, L:/127.0.0.1:59215 - R:localhost/127.0.0.1:65249]
18:00:46.205 [Forwarding isElementDisplayed on session 37a632245f6107036c08731d76a52a21 to remote] DEBUG org.asynchttpclient.netty.request.NettyRequestSender - Using pooled Channel '[id: 0x51f1f9e8, L:/127.0.0.1:59215 - R:localhost/127.0.0.1:65249]' for 'POST' to 'http://localhost:65249/session/37a632245f6107036c08731d76a52a21/execute/sync'
18:00:46.205 [Forwarding isElementDisplayed on session 37a632245f6107036c08731d76a52a21 to remote] DEBUG org.asynchttpclient.netty.request.NettyRequestSender - Using open Channel [id: 0x51f1f9e8, L:/127.0.0.1:59215 - R:localhost/127.0.0.1:65249] for POST '/session/37a632245f6107036c08731d76a52a21/execute/sync'
18:00:46.231 [AsyncHttpClient-1-2] DEBUG org.asynchttpclient.netty.handler.HttpHandler - 

Request DefaultHttpRequest(decodeResult: success, version: HTTP/1.1)
POST /session/37a632245f6107036c08731d76a52a21/execute/sync HTTP/1.1
User-Agent: selenium/4.4.0 (java windows)
Content-Length: 48780
Content-Type: application/json; charset=utf-8
host: localhost:65249
accept: */*

Response DefaultHttpResponse(decodeResult: success, version: HTTP/1.1)
HTTP/1.1 200 OK
Content-Type: application/json; charset=utf-8
cache-control: no-cache
content-length: 14

18:00:46.231 [AsyncHttpClient-1-2] DEBUG org.asynchttpclient.netty.channel.ChannelManager - Adding key: http://localhost:65249 for channel [id: 0x51f1f9e8, L:/127.0.0.1:59215 - R:localhost/127.0.0.1:65249]
18:00:46.236 [Forwarding findElement on session 37a632245f6107036c08731d76a52a21 to remote] DEBUG org.asynchttpclient.netty.request.NettyRequestSender - Using pooled Channel '[id: 0x51f1f9e8, L:/127.0.0.1:59215 - R:localhost/127.0.0.1:65249]' for 'POST' to 'http://localhost:65249/session/37a632245f6107036c08731d76a52a21/element'
18:00:46.237 [Forwarding findElement on session 37a632245f6107036c08731d76a52a21 to remote] DEBUG org.asynchttpclient.netty.request.NettyRequestSender - Using open Channel [id: 0x51f1f9e8, L:/127.0.0.1:59215 - R:localhost/127.0.0.1:65249] for POST '/session/37a632245f6107036c08731d76a52a21/element'
18:00:46.245 [AsyncHttpClient-1-2] DEBUG org.asynchttpclient.netty.handler.HttpHandler - 

Request DefaultHttpRequest(decodeResult: success, version: HTTP/1.1)
POST /session/37a632245f6107036c08731d76a52a21/element HTTP/1.1
User-Agent: selenium/4.4.0 (java windows)
Content-Length: 75
Content-Type: application/json; charset=utf-8
host: localhost:65249
accept: */*

Response DefaultHttpResponse(decodeResult: success, version: HTTP/1.1)
HTTP/1.1 200 OK
Content-Type: application/json; charset=utf-8
cache-control: no-cache
content-length: 88

18:00:46.246 [AsyncHttpClient-1-2] DEBUG org.asynchttpclient.netty.channel.ChannelManager - Adding key: http://localhost:65249 for channel [id: 0x51f1f9e8, L:/127.0.0.1:59215 - R:localhost/127.0.0.1:65249]
18:00:46.250 [Forwarding isElementDisplayed on session 37a632245f6107036c08731d76a52a21 to remote] DEBUG org.asynchttpclient.netty.request.NettyRequestSender - Using pooled Channel '[id: 0x51f1f9e8, L:/127.0.0.1:59215 - R:localhost/127.0.0.1:65249]' for 'POST' to 'http://localhost:65249/session/37a632245f6107036c08731d76a52a21/execute/sync'
18:00:46.250 [Forwarding isElementDisplayed on session 37a632245f6107036c08731d76a52a21 to remote] DEBUG org.asynchttpclient.netty.request.NettyRequestSender - Using open Channel [id: 0x51f1f9e8, L:/127.0.0.1:59215 - R:localhost/127.0.0.1:65249] for POST '/session/37a632245f6107036c08731d76a52a21/execute/sync'
18:00:46.268 [AsyncHttpClient-1-2] DEBUG org.asynchttpclient.netty.handler.HttpHandler - 

Request DefaultHttpRequest(decodeResult: success, version: HTTP/1.1)
POST /session/37a632245f6107036c08731d76a52a21/execute/sync HTTP/1.1
User-Agent: selenium/4.4.0 (java windows)
Content-Length: 48780
Content-Type: application/json; charset=utf-8
host: localhost:65249
accept: */*

Response DefaultHttpResponse(decodeResult: success, version: HTTP/1.1)
HTTP/1.1 200 OK
Content-Type: application/json; charset=utf-8
cache-control: no-cache
content-length: 14

18:00:46.269 [AsyncHttpClient-1-2] DEBUG org.asynchttpclient.netty.channel.ChannelManager - Adding key: http://localhost:65249 for channel [id: 0x51f1f9e8, L:/127.0.0.1:59215 - R:localhost/127.0.0.1:65249]
18:00:46.274 [Forwarding sendKeysToElement on session 37a632245f6107036c08731d76a52a21 to remote] DEBUG org.asynchttpclient.netty.request.NettyRequestSender - Using pooled Channel '[id: 0x51f1f9e8, L:/127.0.0.1:59215 - R:localhost/127.0.0.1:65249]' for 'POST' to 'http://localhost:65249/session/37a632245f6107036c08731d76a52a21/element/ea27b1f6-507d-4fab-82f2-7e2f58bdf23c/value'
[...]
18:01:20.796 [Darkroom Processing Line] DEBUG net.serenitybdd.core.photography.DarkroomProcessingLine - Saving screenshot to target\site\serenity\b0c467789676ea2c2a45aca10aeab3c67f77a2ee9c95186c49084cd60e643a62.png
18:01:20.798 [Forwarding findElement on session bfaf75cba8861e6ac241834be22608b9 to remote] DEBUG org.asynchttpclient.netty.request.NettyRequestSender - Using pooled Channel '[id: 0x696dc3fe, L:/127.0.0.1:59284 - R:localhost/127.0.0.1:51652]' for 'POST' to 'http://localhost:51652/session/bfaf75cba8861e6ac241834be22608b9/element'
18:01:20.798 [Forwarding findElement on session bfaf75cba8861e6ac241834be22608b9 to remote] DEBUG org.asynchttpclient.netty.request.NettyRequestSender - Using open Channel [id: 0x696dc3fe, L:/127.0.0.1:59284 - R:localhost/127.0.0.1:51652] for POST '/session/bfaf75cba8861e6ac241834be22608b9/element'
18:01:20.803 [AsyncHttpClient-1-11] DEBUG org.asynchttpclient.netty.handler.HttpHandler - 

Request DefaultHttpRequest(decodeResult: success, version: HTTP/1.1)
POST /session/bfaf75cba8861e6ac241834be22608b9/element HTTP/1.1
User-Agent: selenium/4.4.0 (java windows)
Content-Length: 54
Content-Type: application/json; charset=utf-8
host: localhost:51652
accept: */*

Response DefaultHttpResponse(decodeResult: success, version: HTTP/1.1)
HTTP/1.1 200 OK
Content-Type: application/json; charset=utf-8
cache-control: no-cache
content-length: 88

18:01:20.803 [AsyncHttpClient-1-11] DEBUG org.asynchttpclient.netty.channel.ChannelManager - Adding key: http://localhost:51652 for channel [id: 0x696dc3fe, L:/127.0.0.1:59284 - R:localhost/127.0.0.1:51652]
18:01:20.805 [Forwarding isElementDisplayed on session bfaf75cba8861e6ac241834be22608b9 to remote] DEBUG org.asynchttpclient.netty.request.NettyRequestSender - Using pooled Channel '[id: 0x696dc3fe, L:/127.0.0.1:59284 - R:localhost/127.0.0.1:51652]' for 'POST' to 'http://localhost:51652/session/bfaf75cba8861e6ac241834be22608b9/execute/sync'
18:01:20.805 [Forwarding isElementDisplayed on session bfaf75cba8861e6ac241834be22608b9 to remote] DEBUG org.asynchttpclient.netty.request.NettyRequestSender - Using open Channel [id: 0x696dc3fe, L:/127.0.0.1:59284 - R:localhost/127.0.0.1:51652] for POST '/session/bfaf75cba8861e6ac241834be22608b9/execute/sync'
18:01:20.811 [AsyncHttpClient-1-11] DEBUG org.asynchttpclient.netty.handler.HttpHandler - 

Request DefaultHttpRequest(decodeResult: success, version: HTTP/1.1)
POST /session/bfaf75cba8861e6ac241834be22608b9/execute/sync HTTP/1.1
User-Agent: selenium/4.4.0 (java windows)
Content-Length: 48780
Content-Type: application/json; charset=utf-8
host: localhost:51652
accept: */*

Response DefaultHttpResponse(decodeResult: success, version: HTTP/1.1)
HTTP/1.1 200 OK
Content-Type: application/json; charset=utf-8
cache-control: no-cache
content-length: 14

18:01:20.811 [AsyncHttpClient-1-11] DEBUG org.asynchttpclient.netty.channel.ChannelManager - Adding key: http://localhost:51652 for channel [id: 0x696dc3fe, L:/127.0.0.1:59284 - R:localhost/127.0.0.1:51652]
18:01:20.813 [Forwarding isElementDisplayed on session bfaf75cba8861e6ac241834be22608b9 to remote] DEBUG org.asynchttpclient.netty.request.NettyRequestSender - Using pooled Channel '[id: 0x696dc3fe, L:/127.0.0.1:59284 - R:localhost/127.0.0.1:51652]' for 'POST' to 'http://localhost:51652/session/bfaf75cba8861e6ac241834be22608b9/execute/sync'
18:01:20.813 [Forwarding isElementDisplayed on session bfaf75cba8861e6ac241834be22608b9 to remote] DEBUG org.asynchttpclient.netty.request.NettyRequestSender - Using open Channel [id: 0x696dc3fe, L:/127.0.0.1:59284 - R:localhost/127.0.0.1:51652] for POST '/session/bfaf75cba8861e6ac241834be22608b9/execute/sync'
18:01:20.820 [AsyncHttpClient-1-11] DEBUG org.asynchttpclient.netty.handler.HttpHandler - 

Request DefaultHttpRequest(decodeResult: success, version: HTTP/1.1)
POST /session/bfaf75cba8861e6ac241834be22608b9/execute/sync HTTP/1.1
User-Agent: selenium/4.4.0 (java windows)
Content-Length: 48780
Content-Type: application/json; charset=utf-8
host: localhost:51652
accept: */*

Response DefaultHttpResponse(decodeResult: success, version: HTTP/1.1)
HTTP/1.1 200 OK
Content-Type: application/json; charset=utf-8
cache-control: no-cache
content-length: 14

18:01:20.820 [AsyncHttpClient-1-11] DEBUG org.asynchttpclient.netty.channel.ChannelManager - Adding key: http://localhost:51652 for channel [id: 0x696dc3fe, L:/127.0.0.1:59284 - R:localhost/127.0.0.1:51652]
18:01:20.821 [Forwarding findElements on session bfaf75cba8861e6ac241834be22608b9 to remote] DEBUG org.asynchttpclient.netty.request.NettyRequestSender - Using pooled Channel '[id: 0x696dc3fe, L:/127.0.0.1:59284 - R:localhost/127.0.0.1:51652]' for 'POST' to 'http://localhost:51652/session/bfaf75cba8861e6ac241834be22608b9/elements'
18:01:20.821 [Forwarding findElements on session bfaf75cba8861e6ac241834be22608b9 to remote] DEBUG org.asynchttpclient.netty.request.NettyRequestSender - Using open Channel [id: 0x696dc3fe, L:/127.0.0.1:59284 - R:localhost/127.0.0.1:51652] for POST '/session/bfaf75cba8861e6ac241834be22608b9/elements'
18:01:20.826 [AsyncHttpClient-1-11] DEBUG org.asynchttpclient.netty.handler.HttpHandler - 

Request DefaultHttpRequest(decodeResult: success, version: HTTP/1.1)
POST /session/bfaf75cba8861e6ac241834be22608b9/elements HTTP/1.1
User-Agent: selenium/4.4.0 (java windows)
Content-Length: 62
Content-Type: application/json; charset=utf-8
host: localhost:51652
accept: */*

Response DefaultHttpResponse(decodeResult: success, version: HTTP/1.1)
HTTP/1.1 200 OK
Content-Type: application/json; charset=utf-8
cache-control: no-cache
content-length: 248

18:01:20.827 [AsyncHttpClient-1-11] DEBUG org.asynchttpclient.netty.channel.ChannelManager - Adding key: http://localhost:51652 for channel [id: 0x696dc3fe, L:/127.0.0.1:59284 - R:localhost/127.0.0.1:51652]
18:01:20.838 [main] WARN com.itextpdf.layout.renderer.TableWidths - Table width is more than expected due to min width of cell(s).
18:01:20.839 [main] WARN com.itextpdf.layout.renderer.TableRenderer - Last row is not completed. Table bottom border may collapse as you do not expect it
18:01:20.843 [main] DEBUG com.itextpdf.io.source.ByteBufferRandomAccessSource - Unable to make public jdk.internal.ref.Cleaner java.nio.DirectByteBuffer.cleaner() accessible: module java.base does not "opens java.nio" to unnamed module @c333c60
18:01:20.845 [main] DEBUG com.itextpdf.io.source.ByteBufferRandomAccessSource - Unable to make public jdk.internal.ref.Cleaner java.nio.DirectByteBuffer.cleaner() accessible: module java.base does not "opens java.nio" to unnamed module @c333c60
18:01:20.849 [Forwarding getCurrentWindowHandle on session bfaf75cba8861e6ac241834be22608b9 to remote] DEBUG org.asynchttpclient.netty.request.NettyRequestSender - Using pooled Channel '[id: 0x696dc3fe, L:/127.0.0.1:59284 - R:localhost/127.0.0.1:51652]' for 'GET' to 'http://localhost:51652/session/bfaf75cba8861e6ac241834be22608b9/window'
18:01:20.849 [Forwarding getCurrentWindowHandle on session bfaf75cba8861e6ac241834be22608b9 to remote] DEBUG org.asynchttpclient.netty.request.NettyRequestSender - Using open Channel [id: 0x696dc3fe, L:/127.0.0.1:59284 - R:localhost/127.0.0.1:51652] for GET '/session/bfaf75cba8861e6ac241834be22608b9/window'
18:01:20.850 [AsyncHttpClient-1-11] DEBUG org.asynchttpclient.netty.handler.HttpHandler - 

Request DefaultFullHttpRequest(decodeResult: success, version: HTTP/1.1, content: EmptyByteBufBE)
GET /session/bfaf75cba8861e6ac241834be22608b9/window HTTP/1.1
User-Agent: selenium/4.4.0 (java windows)
Cache-Control: no-cache
Content-Type: application/json; charset=utf-8
host: localhost:51652
accept: */*

Response DefaultHttpResponse(decodeResult: success, version: HTTP/1.1)
HTTP/1.1 200 OK
Content-Type: application/json; charset=utf-8
cache-control: no-cache
content-length: 53

18:01:20.850 [AsyncHttpClient-1-11] DEBUG org.asynchttpclient.netty.channel.ChannelManager - Adding key: http://localhost:51652 for channel [id: 0x696dc3fe, L:/127.0.0.1:59284 - R:localhost/127.0.0.1:51652]
18:01:20.850 [Forwarding getAlertText on session bfaf75cba8861e6ac241834be22608b9 to remote] DEBUG org.asynchttpclient.netty.request.NettyRequestSender - Using pooled Channel '[id: 0x696dc3fe, L:/127.0.0.1:59284 - R:localhost/127.0.0.1:51652]' for 'GET' to 'http://localhost:51652/session/bfaf75cba8861e6ac241834be22608b9/alert/text'
18:01:20.850 [Forwarding getAlertText on session bfaf75cba8861e6ac241834be22608b9 to remote] DEBUG org.asynchttpclient.netty.request.NettyRequestSender - Using open Channel [id: 0x696dc3fe, L:/127.0.0.1:59284 - R:localhost/127.0.0.1:51652] for GET '/session/bfaf75cba8861e6ac241834be22608b9/alert/text'
18:01:20.852 [AsyncHttpClient-1-11] DEBUG org.asynchttpclient.netty.handler.HttpHandler - 

Request DefaultFullHttpRequest(decodeResult: success, version: HTTP/1.1, content: EmptyByteBufBE)
GET /session/bfaf75cba8861e6ac241834be22608b9/alert/text HTTP/1.1
User-Agent: selenium/4.4.0 (java windows)
Cache-Control: no-cache
Content-Type: application/json; charset=utf-8
host: localhost:51652
accept: */*

Response DefaultHttpResponse(decodeResult: success, version: HTTP/1.1)
HTTP/1.1 404 Not Found
Content-Type: application/json; charset=utf-8
cache-control: no-cache
content-length: 835

18:01:20.852 [AsyncHttpClient-1-11] DEBUG org.asynchttpclient.netty.channel.ChannelManager - Adding key: http://localhost:51652 for channel [id: 0x696dc3fe, L:/127.0.0.1:59284 - R:localhost/127.0.0.1:51652]
18:01:20.853 [Forwarding switchToWindow on session bfaf75cba8861e6ac241834be22608b9 to remote] DEBUG org.asynchttpclient.netty.request.NettyRequestSender - Using pooled Channel '[id: 0x696dc3fe, L:/127.0.0.1:59284 - R:localhost/127.0.0.1:51652]' for 'POST' to 'http://localhost:51652/session/bfaf75cba8861e6ac241834be22608b9/window'
18:01:20.853 [Forwarding switchToWindow on session bfaf75cba8861e6ac241834be22608b9 to remote] DEBUG org.asynchttpclient.netty.request.NettyRequestSender - Using open Channel [id: 0x696dc3fe, L:/127.0.0.1:59284 - R:localhost/127.0.0.1:51652] for POST '/session/bfaf75cba8861e6ac241834be22608b9/window'
18:01:20.854 [AsyncHttpClient-1-11] DEBUG org.asynchttpclient.netty.handler.HttpHandler - 

Request DefaultHttpRequest(decodeResult: success, version: HTTP/1.1)
POST /session/bfaf75cba8861e6ac241834be22608b9/window HTTP/1.1
User-Agent: selenium/4.4.0 (java windows)
Content-Length: 59
Content-Type: application/json; charset=utf-8
host: localhost:51652
accept: */*

Response DefaultHttpResponse(decodeResult: success, version: HTTP/1.1)
HTTP/1.1 200 OK
Content-Type: application/json; charset=utf-8
cache-control: no-cache
content-length: 14

18:01:20.855 [AsyncHttpClient-1-11] DEBUG org.asynchttpclient.netty.channel.ChannelManager - Adding key: http://localhost:51652 for channel [id: 0x696dc3fe, L:/127.0.0.1:59284 - R:localhost/127.0.0.1:51652]
18:01:20.855 [Forwarding getCurrentUrl on session bfaf75cba8861e6ac241834be22608b9 to remote] DEBUG org.asynchttpclient.netty.request.NettyRequestSender - Using pooled Channel '[id: 0x696dc3fe, L:/127.0.0.1:59284 - R:localhost/127.0.0.1:51652]' for 'GET' to 'http://localhost:51652/session/bfaf75cba8861e6ac241834be22608b9/url'
18:01:20.855 [Forwarding getCurrentUrl on session bfaf75cba8861e6ac241834be22608b9 to remote] DEBUG org.asynchttpclient.netty.request.NettyRequestSender - Using open Channel [id: 0x696dc3fe, L:/127.0.0.1:59284 - R:localhost/127.0.0.1:51652] for GET '/session/bfaf75cba8861e6ac241834be22608b9/url'
18:01:20.857 [AsyncHttpClient-1-11] DEBUG org.asynchttpclient.netty.handler.HttpHandler - 

Request DefaultFullHttpRequest(decodeResult: success, version: HTTP/1.1, content: EmptyByteBufBE)
GET /session/bfaf75cba8861e6ac241834be22608b9/url HTTP/1.1
User-Agent: selenium/4.4.0 (java windows)
Cache-Control: no-cache
Content-Type: application/json; charset=utf-8
host: localhost:51652
accept: */*

Response DefaultHttpResponse(decodeResult: success, version: HTTP/1.1)
HTTP/1.1 200 OK
Content-Type: application/json; charset=utf-8
cache-control: no-cache
content-length: 47

18:01:20.857 [AsyncHttpClient-1-11] DEBUG org.asynchttpclient.netty.channel.ChannelManager - Adding key: http://localhost:51652 for channel [id: 0x696dc3fe, L:/127.0.0.1:59284 - R:localhost/127.0.0.1:51652]
18:01:20.858 [Forwarding screenshot on session bfaf75cba8861e6ac241834be22608b9 to remote] DEBUG org.asynchttpclient.netty.request.NettyRequestSender - Using pooled Channel '[id: 0x696dc3fe, L:/127.0.0.1:59284 - R:localhost/127.0.0.1:51652]' for 'GET' to 'http://localhost:51652/session/bfaf75cba8861e6ac241834be22608b9/screenshot'
18:01:20.858 [Forwarding screenshot on session bfaf75cba8861e6ac241834be22608b9 to remote] DEBUG org.asynchttpclient.netty.request.NettyRequestSender - Using open Channel [id: 0x696dc3fe, L:/127.0.0.1:59284 - R:localhost/127.0.0.1:51652] for GET '/session/bfaf75cba8861e6ac241834be22608b9/screenshot'
18:01:20.936 [AsyncHttpClient-1-11] DEBUG org.asynchttpclient.netty.handler.HttpHandler - 

Request DefaultFullHttpRequest(decodeResult: success, version: HTTP/1.1, content: EmptyByteBufBE)
GET /session/bfaf75cba8861e6ac241834be22608b9/screenshot HTTP/1.1
User-Agent: selenium/4.4.0 (java windows)
Cache-Control: no-cache
Content-Type: application/json; charset=utf-8
host: localhost:51652
accept: */*

Response DefaultHttpResponse(decodeResult: success, version: HTTP/1.1)
HTTP/1.1 200 OK
Content-Type: application/json; charset=utf-8
cache-control: no-cache
content-length: 166608

18:01:20.936 [AsyncHttpClient-1-11] DEBUG org.asynchttpclient.netty.channel.ChannelManager - Adding key: http://localhost:51652 for channel [id: 0x696dc3fe, L:/127.0.0.1:59284 - R:localhost/127.0.0.1:51652]
18:01:20.939 [main] DEBUG net.serenitybdd.core.photography.Darkroom - Send negative for processing for target\site\serenity\b0c467789676ea2c2a45aca10aeab3c67f77a2ee9c95186c49084cd60e643a62.png
18:01:20.940 [AsyncHttpClient-1-13] DEBUG org.asynchttpclient.netty.handler.WebSocketHandler - Channel Closed: [id: 0xc57950a1, L:/127.0.0.1:59292 ! R:localhost/127.0.0.1:59285] with attribute NettyResponseFuture{currentRetry=0,
	isDone=1,
	isCancelled=0,
	asyncHandler=org.asynchttpclient.ws.WebSocketUpgradeHandler@6f32793d,
	nettyRequest=org.asynchttpclient.netty.request.NettyRequest@2a30fabf,
	future=java.util.concurrent.CompletableFuture@1fddddce[Completed normally],
	uri=ws://localhost:59285/devtools/browser/940ab4a9-923f-4990-b249-fc529111cdb9,
	keepAlive=true,
	redirectCount=0,
	timeoutsHolder=null,
	inAuth=0,
	touch=1673370074431}
18:01:20.940 [AsyncHttpClient-1-13] DEBUG org.asynchttpclient.netty.channel.ChannelManager - Closing Channel [id: 0xc57950a1, L:/127.0.0.1:59292 ! R:localhost/127.0.0.1:59285] 
18:01:20.941 [Driver Command Executor] DEBUG org.asynchttpclient.netty.request.NettyRequestSender - Using pooled Channel '[id: 0x696dc3fe, L:/127.0.0.1:59284 - R:localhost/127.0.0.1:51652]' for 'DELETE' to 'http://localhost:51652/session/bfaf75cba8861e6ac241834be22608b9'
18:01:20.941 [Driver Command Executor] DEBUG org.asynchttpclient.netty.request.NettyRequestSender - Using open Channel [id: 0x696dc3fe, L:/127.0.0.1:59284 - R:localhost/127.0.0.1:51652] for DELETE '/session/bfaf75cba8861e6ac241834be22608b9'
18:01:21.054 [AsyncHttpClient-1-12] DEBUG org.asynchttpclient.netty.handler.HttpHandler - Unexpected I/O exception on channel [id: 0x79df1835, L:/127.0.0.1:59291 - R:localhost/127.0.0.1:59285]
java.net.SocketException: Connection reset
	at java.base/sun.nio.ch.SocketChannelImpl.throwConnectionReset(SocketChannelImpl.java:401)
	at java.base/sun.nio.ch.SocketChannelImpl.read(SocketChannelImpl.java:434)
	at io.netty.buffer.PooledByteBuf.setBytes(PooledByteBuf.java:258)
	at io.netty.buffer.AbstractByteBuf.writeBytes(AbstractByteBuf.java:1132)
	at io.netty.channel.socket.nio.NioSocketChannel.doReadBytes(NioSocketChannel.java:357)
	at io.netty.channel.nio.AbstractNioByteChannel$NioByteUnsafe.read(AbstractNioByteChannel.java:151)
	at io.netty.channel.nio.NioEventLoop.processSelectedKey(NioEventLoop.java:722)
	at io.netty.channel.nio.NioEventLoop.processSelectedKeysOptimized(NioEventLoop.java:658)
	at io.netty.channel.nio.NioEventLoop.processSelectedKeys(NioEventLoop.java:584)
	at io.netty.channel.nio.NioEventLoop.run(NioEventLoop.java:496)
	at io.netty.util.concurrent.SingleThreadEventExecutor$4.run(SingleThreadEventExecutor.java:997)
	at io.netty.util.internal.ThreadExecutorMap$2.run(ThreadExecutorMap.java:74)
	at io.netty.util.concurrent.FastThreadLocalRunnable.run(FastThreadLocalRunnable.java:30)
	at java.base/java.lang.Thread.run(Thread.java:1589)
18:01:21.055 [AsyncHttpClient-1-12] DEBUG org.asynchttpclient.netty.channel.ChannelManager - Closing Channel [id: 0x79df1835, L:/127.0.0.1:59291 - R:localhost/127.0.0.1:59285] 
18:01:21.055 [AsyncHttpClient-1-12] DEBUG org.asynchttpclient.netty.handler.HttpHandler - Channel Closed: [id: 0x79df1835, L:/127.0.0.1:59291 ! R:localhost/127.0.0.1:59285] with attribute DISCARD
18:01:21.088 [AsyncHttpClient-1-11] DEBUG org.asynchttpclient.netty.handler.HttpHandler - 

Request DefaultFullHttpRequest(decodeResult: success, version: HTTP/1.1, content: EmptyByteBufBE)
DELETE /session/bfaf75cba8861e6ac241834be22608b9 HTTP/1.1
User-Agent: selenium/4.4.0 (java windows)
Content-Type: application/json; charset=utf-8
host: localhost:51652
accept: */*

Response DefaultHttpResponse(decodeResult: success, version: HTTP/1.1)
HTTP/1.1 200 OK
Content-Type: application/json; charset=utf-8
cache-control: no-cache
content-length: 14

18:01:21.088 [AsyncHttpClient-1-11] DEBUG org.asynchttpclient.netty.channel.ChannelManager - Adding key: http://localhost:51652 for channel [id: 0x696dc3fe, L:/127.0.0.1:59284 - R:localhost/127.0.0.1:51652]
18:01:21.163 [AsyncHttpClient-1-1] DEBUG org.asynchttpclient.netty.channel.DefaultChannelPool - Entry count for : http://localhost:59285 : 1
18:01:21.163 [AsyncHttpClient-1-1] DEBUG org.asynchttpclient.netty.channel.DefaultChannelPool - Entry count for : http://localhost:51652 : 1
18:01:21.163 [AsyncHttpClient-1-1] DEBUG org.asynchttpclient.netty.channel.DefaultChannelPool - Adding Candidate expired Channel [id: 0x79df1835, L:/127.0.0.1:59291 ! R:localhost/127.0.0.1:59285] isIdleTimeoutExpired=false isRemotelyClosed=true isTtlExpired=false
18:01:21.163 [AsyncHttpClient-1-1] DEBUG org.asynchttpclient.netty.channel.DefaultChannelPool - Closing Idle Channel [id: 0x79df1835, L:/127.0.0.1:59291 ! R:localhost/127.0.0.1:59285]
18:01:21.163 [AsyncHttpClient-1-1] DEBUG org.asynchttpclient.netty.channel.DefaultChannelPool - Closed 1 connections out of 2 in 0 ms
18:01:21.181 [AsyncHttpClient-1-11] DEBUG org.asynchttpclient.netty.handler.HttpHandler - Channel Closed: [id: 0x696dc3fe, L:/127.0.0.1:59284 ! R:localhost/127.0.0.1:51652] with attribute DISCARD
18:01:21.240 [main] INFO  - 
  _____   ___   ___   _____     ___     _     ___   ___   ___   ___  
 |_   _| | __| / __| |_   _|   | _ \   /_\   / __| / __| | __| |   \ 
   | |   | _|  \__ \   | |     |  _/  / _ \  \__ \ \__ \ | _|  | |) |
   |_|   |___| |___/   |_|     |_|   /_/ \_\ |___/ |___/ |___| |___/ 

Precios
----------------------------------------------------------------------
]]></system-out>
    <system-err><![CDATA[Starting ChromeDriver 108.0.5359.71 (1e0e3868ee06e91ad636a874420e3ca3ae3756ac-refs/branch-heads/5359@{#1016}) on port 51652
Only local connections are allowed.
Please see https://chromedriver.chromium.org/security-considerations for suggestions on keeping ChromeDriver safe.
ChromeDriver was started successfully.
ene 10, 2023 6:01:14 P. M. org.openqa.selenium.remote.ProtocolHandshake createSession
INFO: Detected upstream dialect: W3C
ene 10, 2023 6:01:14 P. M. org.openqa.selenium.devtools.CdpVersionFinder findNearestMatch
WARNING: Unable to find an exact match for CDP version 108, so returning the closest version found: 104
ene 10, 2023 6:01:14 P. M. org.openqa.selenium.devtools.CdpVersionFinder findNearestMatch
INFO: Found CDP implementation for version 108 of 104
]]></system-err>
  </testcase>
</testsuite>